<?xml version="1.0" encoding="utf-8"?>
<TestRun id="70b33352-9109-43e9-a780-6665d61b8bf8" name="yannl@PC-MAISON 2026-07-13 17:25:31" runUser="PC-MAISON\yannl" xmlns="http://microsoft.com/schemas/VisualStudio/TeamTest/2010">
  <Times creation="2026-07-13T17:25:31.5408348+02:00" queuing="2026-07-13T17:25:31.5408349+02:00" start="2026-07-13T17:25:30.5806344+02:00" finish="2026-07-13T17:25:34.2074685+02:00" />
  <TestSettings name="default" id="9e241c10-7c73-48b4-8617-9951348ae8af">
    <Deployment runDeploymentRoot="yannl_PC-MAISON_2026-07-13_17_25_31" />
  </TestSettings>
  <Results>
    <UnitTestResult executionId="a2ec4b1b-b72b-4b3e-ac20-db0b836a3aa4" testId="6c14ec0b-5a1f-3f8e-dba6-8ca331ab3216" testName="Agapanthe.Tests.ImageLoaderTests.LoadFromBytes_CorruptData_ThrowsAssetExceptionWithSourceName" computerName="PC-MAISON" duration="00:00:00.0214621" startTime="2026-07-13T17:25:31.5552525+02:00" endTime="2026-07-13T17:25:31.5696625+02:00" testType="13cdc9d9-ddb5-4fa4-a97d-d965ccfc6d4b" outcome="Passed" testListId="8c84fa94-04c1-424b-9868-57a2d4851a1d" relativeResultsDirectory="a2ec4b1b-b72b-4b3e-ac20-db0b836a3aa4" />
    <UnitTestResult executionId="fbecc15e-6637-4bb5-b5ac-15ab82f2ee0f" testId="a79e7d76-5026-12c7-795a-cb88f66481a9" testName="Agapanthe.Tests.AccessorReaderTests.ReadVec3_OverrunsBufferView_Throws" computerName="PC-MAISON" duration="00:00:00.1944185" startTime="2026-07-13T17:25:31.4580133+02:00" endTime="2026-07-13T17:25:31.6059412+02:00" testType="13cdc9d9-ddb5-4fa4-a97d-d965ccfc6d4b" outcome="Passed" testListId="8c84fa94-04c1-424b-9868-57a2d4851a1d" relativeResultsDirectory="fbecc15e-6637-4bb5-b5ac-15ab82f2ee0f" />
    <UnitTestResult executionId="8b8b833d-0cbe-4a91-8d27-f06213d7d195" testId="82387d68-3a6b-330e-a557-bd08dcebf52d" testName="Agapanthe.Tests.AccessorReaderTests.ReadVec3_TypeMismatch_Throws" computerName="PC-MAISON" duration="00:00:00.0003197" startTime="2026-07-13T17:25:31.6075219+02:00" endTime="2026-07-13T17:25:31.6075891+02:00" testType="13cdc9d9-ddb5-4fa4-a97d-d965ccfc6d4b" outcome="Passed" testListId="8c84fa94-04c1-424b-9868-57a2d4851a1d" relativeResultsDirectory="8b8b833d-0cbe-4a91-8d27-f06213d7d195" />
    <UnitTestResult executionId="8b65a975-eed6-4466-8b35-a57fe1ec3807" testId="3f7761cf-5739-e077-951b-19be4148373b" testName="Agapanthe.Tests.FreeListAllocatorTests.Allocations_RespectAlignment_WithoutOverlap" computerName="PC-MAISON" duration="00:00:00.0005597" startTime="2026-07-13T17:25:31.5836460+02:00" endTime="2026-07-13T17:25:31.5838217+02:00" testType="13cdc9d9-ddb5-4fa4-a97d-d965ccfc6d4b" outcome="Passed" testListId="8c84fa94-04c1-424b-9868-57a2d4851a1d" relativeResultsDirectory="8b65a975-eed6-4466-8b35-a57fe1ec3807" />
    <UnitTestResult executionId="84c5d281-ecf6-496c-b8e7-395dd8b333c5" testId="e1d52635-a4e5-cb0c-7343-c8d3ac5b3e26" testName="Agapanthe.Tests.TangentGeneratorTests.MirroredU_FlipsTangentAndHandedness" computerName="PC-MAISON" duration="00:00:00.0004430" startTime="2026-07-13T17:25:31.5862335+02:00" endTime="2026-07-13T17:25:31.5871382+02:00" testType="13cdc9d9-ddb5-4fa4-a97d-d965ccfc6d4b" outcome="Passed" testListId="8c84fa94-04c1-424b-9868-57a2d4851a1d" relativeResultsDirectory="84c5d281-ecf6-496c-b8e7-395dd8b333c5" />
    <UnitTestResult executionId="ebfef37d-33fa-494d-96eb-6ff09d69eb3f" testId="9bc25b62-5d9a-0317-a9ad-4ceaf221281d" testName="Agapanthe.Tests.RenderingDataTests.MaterialUniforms_PackingRoundTrips" computerName="PC-MAISON" duration="00:00:00.0069024" startTime="2026-07-13T17:25:31.5639019+02:00" endTime="2026-07-13T17:25:31.5670217+02:00" testType="13cdc9d9-ddb5-4fa4-a97d-d965ccfc6d4b" outcome="Passed" testListId="8c84fa94-04c1-424b-9868-57a2d4851a1d" relativeResultsDirectory="ebfef37d-33fa-494d-96eb-6ff09d69eb3f" />
    <UnitTestResult executionId="3af7674a-b6e9-49cc-967b-a897cf8657d0" testId="44b2df5a-3c54-cec7-9b24-9604a31ce773" testName="Agapanthe.Tests.MathHelpersTests.PerspectiveVulkan_PointOnFarPlane_MapsToDepthOne" computerName="PC-MAISON" duration="00:00:00.0010735" startTime="2026-07-13T17:25:31.5278381+02:00" endTime="2026-07-13T17:25:31.5293400+02:00" testType="13cdc9d9-ddb5-4fa4-a97d-d965ccfc6d4b" outcome="Passed" testListId="8c84fa94-04c1-424b-9868-57a2d4851a1d" relativeResultsDirectory="3af7674a-b6e9-49cc-967b-a897cf8657d0" />
    <UnitTestResult executionId="979a4bd6-6949-4b73-8c8f-7fd82923f534" testId="9e40ccbf-3c87-f82f-bc1d-25ede289b193" testName="Agapanthe.Tests.GltfParserTests.Load_BoxTextured_ParsesTexturesSamplersImages" computerName="PC-MAISON" duration="00:00:00.0161681" startTime="2026-07-13T17:25:31.6058934+02:00" endTime="2026-07-13T17:25:31.6079978+02:00" testType="13cdc9d9-ddb5-4fa4-a97d-d965ccfc6d4b" outcome="Passed" testListId="8c84fa94-04c1-424b-9868-57a2d4851a1d" relativeResultsDirectory="979a4bd6-6949-4b73-8c8f-7fd82923f534" />
    <UnitTestResult executionId="8ed4c96c-cf89-41ab-a9c3-a58696c8bc44" testId="071ecd40-1ad3-a7f5-251d-3e4b0f1bd002" testName="Agapanthe.Tests.FreeListAllocatorTests.DoubleFree_Throws" computerName="PC-MAISON" duration="00:00:00.0006336" startTime="2026-07-13T17:25:31.5533499+02:00" endTime="2026-07-13T17:25:31.5544258+02:00" testType="13cdc9d9-ddb5-4fa4-a97d-d965ccfc6d4b" outcome="Passed" testListId="8c84fa94-04c1-424b-9868-57a2d4851a1d" relativeResultsDirectory="8ed4c96c-cf89-41ab-a9c3-a58696c8bc44" />
    <UnitTestResult executionId="68228af5-a877-4879-9dc5-53d49bad9899" testId="2d2c9592-e947-7851-ed3a-385beaa99110" testName="Agapanthe.Tests.CameraTests.Controller_MouseRight_IncreasesYaw" computerName="PC-MAISON" duration="00:00:00.0012877" startTime="2026-07-13T17:25:31.5349979+02:00" endTime="2026-07-13T17:25:31.5366607+02:00" testType="13cdc9d9-ddb5-4fa4-a97d-d965ccfc6d4b" outcome="Passed" testListId="8c84fa94-04c1-424b-9868-57a2d4851a1d" relativeResultsDirectory="68228af5-a877-4879-9dc5-53d49bad9899" />
    <UnitTestResult executionId="b00a2289-4579-4fa4-b273-d9820c9b3ad6" testId="ce224c50-79ab-f0df-4b0a-478c409b384d" testName="Agapanthe.Tests.GpuUploaderTests.MipSize_AtFullChainLastLevel_IsOneByOne" computerName="PC-MAISON" duration="00:00:00.0002334" startTime="2026-07-13T17:25:31.5630569+02:00" endTime="2026-07-13T17:25:31.5634001+02:00" testType="13cdc9d9-ddb5-4fa4-a97d-d965ccfc6d4b" outcome="Passed" testListId="8c84fa94-04c1-424b-9868-57a2d4851a1d" relativeResultsDirectory="b00a2289-4579-4fa4-b273-d9820c9b3ad6" />
    <UnitTestResult executionId="6492204f-ed64-4f1c-a568-ea6db0c6dade" testId="17ce2e37-82b9-2a3b-2e5a-b6ad93d082a8" testName="Agapanthe.Tests.GltfParserTests.GetBufferData_MissingFile_ThrowsWithPath" computerName="PC-MAISON" duration="00:00:00.0005962" startTime="2026-07-13T17:25:31.6166079+02:00" endTime="2026-07-13T17:25:31.6167590+02:00" testType="13cdc9d9-ddb5-4fa4-a97d-d965ccfc6d4b" outcome="Passed" testListId="8c84fa94-04c1-424b-9868-57a2d4851a1d" relativeResultsDirectory="6492204f-ed64-4f1c-a568-ea6db0c6dade" />
    <UnitTestResult executionId="e81e6bee-36c0-44e4-ba2d-fc528b783a06" testId="1927db90-0bf0-b321-551d-4e45e5091e6b" testName="Agapanthe.Tests.TangentGeneratorTests.UvSphere_TangentsAreUnitLengthAndPerpendicularToNormals" computerName="PC-MAISON" duration="00:00:00.0299650" startTime="2026-07-13T17:25:31.5565191+02:00" endTime="2026-07-13T17:25:31.5800677+02:00" testType="13cdc9d9-ddb5-4fa4-a97d-d965ccfc6d4b" outcome="Passed" testListId="8c84fa94-04c1-424b-9868-57a2d4851a1d" relativeResultsDirectory="e81e6bee-36c0-44e4-ba2d-fc528b783a06" />
    <UnitTestResult executionId="3d077c7f-a146-4fff-970c-b92ebd44ed76" testId="77b708f0-a087-063d-0030-0c89a4ec2351" testName="Agapanthe.Tests.LightsUniformsTests.LightsUniforms_NormalizesDirectionAndPacksCount" computerName="PC-MAISON" duration="00:00:00.0119107" startTime="2026-07-13T17:25:31.5290343+02:00" endTime="2026-07-13T17:25:31.5352110+02:00" testType="13cdc9d9-ddb5-4fa4-a97d-d965ccfc6d4b" outcome="Passed" testListId="8c84fa94-04c1-424b-9868-57a2d4851a1d" relativeResultsDirectory="3d077c7f-a146-4fff-970c-b92ebd44ed76" />
    <UnitTestResult executionId="260a9102-474d-42c2-abc9-1e79e601b7d6" testId="3eccc678-3526-a3f4-706a-f14888788d24" testName="Agapanthe.Tests.GltfParserTests.GetBufferData_ShorterThanDeclared_Throws" computerName="PC-MAISON" duration="00:00:00.1932398" startTime="2026-07-13T17:25:31.4582643+02:00" endTime="2026-07-13T17:25:31.6057626+02:00" testType="13cdc9d9-ddb5-4fa4-a97d-d965ccfc6d4b" outcome="Passed" testListId="8c84fa94-04c1-424b-9868-57a2d4851a1d" relativeResultsDirectory="260a9102-474d-42c2-abc9-1e79e601b7d6" />
    <UnitTestResult executionId="3636f8a6-f0d0-4269-a1f3-dd258a122ffd" testId="025fe56a-c469-ebeb-0c7d-804947be77a6" testName="Agapanthe.Tests.ShaderHotReloaderTests.Multiple_watched_files_drain_together" computerName="PC-MAISON" duration="00:00:00.0079048" startTime="2026-07-13T17:25:31.5378030+02:00" endTime="2026-07-13T17:25:31.5530607+02:00" testType="13cdc9d9-ddb5-4fa4-a97d-d965ccfc6d4b" outcome="Passed" testListId="8c84fa94-04c1-424b-9868-57a2d4851a1d" relativeResultsDirectory="3636f8a6-f0d0-4269-a1f3-dd258a122ffd" />
    <UnitTestResult executionId="61165deb-f6fd-4675-8170-9c1d7be58b60" testId="347b2084-1a67-02ab-e1dc-49bc0a41f9fe" testName="Agapanthe.Tests.GltfParserTests.Load_Box_ParsesPrimitiveAndAccessorDetails" computerName="PC-MAISON" duration="00:00:00.0018967" startTime="2026-07-13T17:25:31.6118205+02:00" endTime="2026-07-13T17:25:31.6126311+02:00" testType="13cdc9d9-ddb5-4fa4-a97d-d965ccfc6d4b" outcome="Passed" testListId="8c84fa94-04c1-424b-9868-57a2d4851a1d" relativeResultsDirectory="61165deb-f6fd-4675-8170-9c1d7be58b60" />
    <UnitTestResult executionId="b35dd903-5dfe-4692-8f6d-ac4a02218c31" testId="1e6c9ad0-224f-7e2c-e17f-f91c809b602d" testName="Agapanthe.Tests.PrimitivesTests.Cube_Tangents_AreUnitLengthWithValidHandedness" computerName="PC-MAISON" duration="00:00:00.0115921" startTime="2026-07-13T17:25:31.5233832+02:00" endTime="2026-07-13T17:25:31.5320168+02:00" testType="13cdc9d9-ddb5-4fa4-a97d-d965ccfc6d4b" outcome="Passed" testListId="8c84fa94-04c1-424b-9868-57a2d4851a1d" relativeResultsDirectory="b35dd903-5dfe-4692-8f6d-ac4a02218c31" />
    <UnitTestResult executionId="51ea458c-3202-4b39-9bd3-98e866b86ce6" testId="978b57f6-1a4b-364e-e94e-1ed55b0299aa" testName="Agapanthe.Tests.SamplerDescTests.NamedArguments_OverrideOnlyTheGivenFields" computerName="PC-MAISON" duration="00:00:00.0287845" startTime="2026-07-13T17:25:31.4584966+02:00" endTime="2026-07-13T17:25:31.5241687+02:00" testType="13cdc9d9-ddb5-4fa4-a97d-d965ccfc6d4b" outcome="Passed" testListId="8c84fa94-04c1-424b-9868-57a2d4851a1d" relativeResultsDirectory="51ea458c-3202-4b39-9bd3-98e866b86ce6" />
    <UnitTestResult executionId="525dc369-baf7-4db9-9321-4e4fe6b4f663" testId="c88a1437-827b-f2b2-d1c3-a25cea9db71b" testName="Agapanthe.Tests.CameraTests.Controller_ClampsPitchToMinus89Degrees" computerName="PC-MAISON" duration="00:00:00.0006372" startTime="2026-07-13T17:25:31.5347752+02:00" endTime="2026-07-13T17:25:31.5348159+02:00" testType="13cdc9d9-ddb5-4fa4-a97d-d965ccfc6d4b" outcome="Passed" testListId="8c84fa94-04c1-424b-9868-57a2d4851a1d" relativeResultsDirectory="525dc369-baf7-4db9-9321-4e4fe6b4f663" />
    <UnitTestResult executionId="1f9bcd0f-e07e-41e9-b46b-a792ec1b3f93" testId="c118ed22-bb67-3716-c4c9-1d128f18bf6d" testName="Agapanthe.Tests.MathHelpersTests.OrthographicVulkan_AndPerspective_AgreeOnYFlipSign" computerName="PC-MAISON" duration="00:00:00.0009222" startTime="2026-07-13T17:25:31.5275187+02:00" endTime="2026-07-13T17:25:31.5275744+02:00" testType="13cdc9d9-ddb5-4fa4-a97d-d965ccfc6d4b" outcome="Passed" testListId="8c84fa94-04c1-424b-9868-57a2d4851a1d" relativeResultsDirectory="1f9bcd0f-e07e-41e9-b46b-a792ec1b3f93" />
    <UnitTestResult executionId="9d1caa66-2a0d-451a-94d1-1f669177bb69" testId="7bb34532-07bb-9553-49ae-ac731d5a6bc6" testName="Agapanthe.Tests.GpuUploaderTests.PackOffsetAndType_OffsetOverflow_Throws" computerName="PC-MAISON" duration="00:00:00.0009949" startTime="2026-07-13T17:25:31.5640830+02:00" endTime="2026-07-13T17:25:31.5654483+02:00" testType="13cdc9d9-ddb5-4fa4-a97d-d965ccfc6d4b" outcome="Passed" testListId="8c84fa94-04c1-424b-9868-57a2d4851a1d" relativeResultsDirectory="9d1caa66-2a0d-451a-94d1-1f669177bb69" />
    <UnitTestResult executionId="1eca1446-6159-47af-a80a-1438518d5096" testId="caa559f7-1822-8cd8-8483-9b76383c6bff" testName="Agapanthe.Tests.MathHelpersTests.OrthographicVulkan_ViewSpaceUp_MapsToNegativeClipY" computerName="PC-MAISON" duration="00:00:00.0008080" startTime="2026-07-13T17:25:31.5242789+02:00" endTime="2026-07-13T17:25:31.5246233+02:00" testType="13cdc9d9-ddb5-4fa4-a97d-d965ccfc6d4b" outcome="Passed" testListId="8c84fa94-04c1-424b-9868-57a2d4851a1d" relativeResultsDirectory="1eca1446-6159-47af-a80a-1438518d5096" />
    <UnitTestResult executionId="34e7f899-671d-44a2-8c08-e4f4dfc75130" testId="2a83cff5-eda3-443e-8614-5bde97705b56" testName="Agapanthe.Tests.GltfParserTests.Glb_TruncatedChunk_Throws" computerName="PC-MAISON" duration="00:00:00.0017405" startTime="2026-07-13T17:25:31.6084331+02:00" endTime="2026-07-13T17:25:31.6084739+02:00" testType="13cdc9d9-ddb5-4fa4-a97d-d965ccfc6d4b" outcome="Passed" testListId="8c84fa94-04c1-424b-9868-57a2d4851a1d" relativeResultsDirectory="34e7f899-671d-44a2-8c08-e4f4dfc75130" />
    <UnitTestResult executionId="be66ba90-9b75-4bd0-b6b4-27d38a777982" testId="0e745480-2e68-6a13-2e5c-c808c6c74d8c" testName="Agapanthe.Tests.HdrImageLoaderTests.LoadFromBytes_CorruptData_ThrowsAssetExceptionWithSourceName" computerName="PC-MAISON" duration="00:00:00.0080611" startTime="2026-07-13T17:25:31.5928727+02:00" endTime="2026-07-13T17:25:31.5938274+02:00" testType="13cdc9d9-ddb5-4fa4-a97d-d965ccfc6d4b" outcome="Passed" testListId="8c84fa94-04c1-424b-9868-57a2d4851a1d" relativeResultsDirectory="be66ba90-9b75-4bd0-b6b4-27d38a777982" />
    <UnitTestResult executionId="a8320052-9959-483c-97fa-4ecfaf7ca6f4" testId="dc7c4cae-2097-130f-0585-466b3ffb7e8c" testName="Agapanthe.Tests.ShaderHotReloaderTests.Repeated_and_case_variant_paths_coalesce_into_a_single_entry" computerName="PC-MAISON" duration="00:00:00.0031503" startTime="2026-07-13T17:25:31.5346201+02:00" endTime="2026-07-13T17:25:31.5375198+02:00" testType="13cdc9d9-ddb5-4fa4-a97d-d965ccfc6d4b" outcome="Passed" testListId="8c84fa94-04c1-424b-9868-57a2d4851a1d" relativeResultsDirectory="a8320052-9959-483c-97fa-4ecfaf7ca6f4" />
    <UnitTestResult executionId="885f42bd-4c48-46a9-abe4-922f844c8ad5" testId="2ce2a713-d9eb-3661-cdb7-610afee4288c" testName="Agapanthe.Tests.AccessorReaderTests.ReadIndices_BoxU16_WidensToUInt" computerName="PC-MAISON" duration="00:00:00.0122091" startTime="2026-07-13T17:25:31.6125530+02:00" endTime="2026-07-13T17:25:31.6149008+02:00" testType="13cdc9d9-ddb5-4fa4-a97d-d965ccfc6d4b" outcome="Passed" testListId="8c84fa94-04c1-424b-9868-57a2d4851a1d" relativeResultsDirectory="885f42bd-4c48-46a9-abe4-922f844c8ad5" />
    <UnitTestResult executionId="0f5341ae-c23d-4e8d-a69c-70a1bb141b12" testId="fc22f696-3ba4-15fa-8f2b-8d5653c62b74" testName="Agapanthe.Tests.GpuUploaderTests.MipSize_HalvesAndFloorsToOne(width: 256, height: 256, level: 12, expectedW: 1, expectedH: 1)" computerName="PC-MAISON" duration="00:00:00.0000055" startTime="2026-07-13T17:25:31.5585592+02:00" endTime="2026-07-13T17:25:31.5586110+02:00" testType="13cdc9d9-ddb5-4fa4-a97d-d965ccfc6d4b" outcome="Passed" testListId="8c84fa94-04c1-424b-9868-57a2d4851a1d" relativeResultsDirectory="0f5341ae-c23d-4e8d-a69c-70a1bb141b12" />
    <UnitTestResult executionId="8770e644-597f-4349-bf50-000ab020bc52" testId="b59d7e69-6bdc-e9d7-447b-a8e4b771ed47" testName="Agapanthe.Tests.GpuUploaderTests.MipSize_HalvesAndFloorsToOne(width: 256, height: 256, level: 8, expectedW: 1, expectedH: 1)" computerName="PC-MAISON" duration="00:00:00.0000032" startTime="2026-07-13T17:25:31.5591129+02:00" endTime="2026-07-13T17:25:31.5591645+02:00" testType="13cdc9d9-ddb5-4fa4-a97d-d965ccfc6d4b" outcome="Passed" testListId="8c84fa94-04c1-424b-9868-57a2d4851a1d" relativeResultsDirectory="8770e644-597f-4349-bf50-000ab020bc52" />
    <UnitTestResult executionId="aa3d3ef5-2a52-4feb-8a4d-6e7eff1d914b" testId="9b56d173-ce3a-4884-14f3-3b9507b108a7" testName="Agapanthe.Tests.SceneBoundsTests.ComputeWorldBounds_MeshesWithoutPositions_CollapseToOrigin" computerName="PC-MAISON" duration="00:00:00.0016188" startTime="2026-07-13T17:25:31.5637420+02:00" endTime="2026-07-13T17:25:31.5641458+02:00" testType="13cdc9d9-ddb5-4fa4-a97d-d965ccfc6d4b" outcome="Passed" testListId="8c84fa94-04c1-424b-9868-57a2d4851a1d" relativeResultsDirectory="aa3d3ef5-2a52-4feb-8a4d-6e7eff1d914b" />
    <UnitTestResult executionId="04db0efa-24a2-44be-82c6-a710b385a5de" testId="db9ffca8-b355-da07-1915-87a13f97f366" testName="Agapanthe.Tests.ShaderCompilerTests.CompileFileResolved_EditingIncludedFile_InvalidatesCache" computerName="PC-MAISON" duration="00:00:00.1569303" startTime="2026-07-13T17:25:32.9732366+02:00" endTime="2026-07-13T17:25:33.1290061+02:00" testType="13cdc9d9-ddb5-4fa4-a97d-d965ccfc6d4b" outcome="Passed" testListId="8c84fa94-04c1-424b-9868-57a2d4851a1d" relativeResultsDirectory="04db0efa-24a2-44be-82c6-a710b385a5de" />
    <UnitTestResult executionId="88d88a89-b9b1-4284-af68-0a44050093c5" testId="0dd3dd23-8c29-28d2-96aa-14d817c1071f" testName="Agapanthe.Tests.PrimitivesTests.Cube_Has24VerticesAnd36Indices" computerName="PC-MAISON" duration="00:00:00.0001468" startTime="2026-07-13T17:25:31.5370882+02:00" endTime="2026-07-13T17:25:31.5371393+02:00" testType="13cdc9d9-ddb5-4fa4-a97d-d965ccfc6d4b" outcome="Passed" testListId="8c84fa94-04c1-424b-9868-57a2d4851a1d" relativeResultsDirectory="88d88a89-b9b1-4284-af68-0a44050093c5" />
    <UnitTestResult executionId="7b081d4d-2866-4a87-a654-d9e52fec7ffd" testId="06c91f21-d3a0-5691-1750-cb89490366b1" testName="Agapanthe.Tests.GpuAllocatorTests.LogStats_WithNoAllocations_DoesNotThrow" computerName="PC-MAISON" duration="00:00:00.0050641" startTime="2026-07-13T17:25:31.5936139+02:00" endTime="2026-07-13T17:25:31.5940106+02:00" testType="13cdc9d9-ddb5-4fa4-a97d-d965ccfc6d4b" outcome="Passed" testListId="8c84fa94-04c1-424b-9868-57a2d4851a1d" relativeResultsDirectory="7b081d4d-2866-4a87-a654-d9e52fec7ffd" />
    <UnitTestResult executionId="a6437c2a-9958-4ff6-82da-523d1a8a6657" testId="a77fdb78-22f0-4f05-0716-d4c769e0be42" testName="Agapanthe.Tests.GltfLoaderTests.Box_LoadsOneMeshWithMaterial" computerName="PC-MAISON" duration="00:00:00.1520446" startTime="2026-07-13T17:25:31.5659136+02:00" endTime="2026-07-13T17:25:31.6142266+02:00" testType="13cdc9d9-ddb5-4fa4-a97d-d965ccfc6d4b" outcome="Passed" testListId="8c84fa94-04c1-424b-9868-57a2d4851a1d" relativeResultsDirectory="a6437c2a-9958-4ff6-82da-523d1a8a6657" />
    <UnitTestResult executionId="774e9a61-08a1-44ca-bd40-b6a568c7d090" testId="913ce5cc-12e7-4c0d-6834-71af9e23310b" testName="Agapanthe.Tests.RenderingDataTests.ChooseIndexFormat_Empty_DefaultsToU16" computerName="PC-MAISON" duration="00:00:00.0062145" startTime="2026-07-13T17:25:31.5566991+02:00" endTime="2026-07-13T17:25:31.5605221+02:00" testType="13cdc9d9-ddb5-4fa4-a97d-d965ccfc6d4b" outcome="Passed" testListId="8c84fa94-04c1-424b-9868-57a2d4851a1d" relativeResultsDirectory="774e9a61-08a1-44ca-bd40-b6a568c7d090" />
    <UnitTestResult executionId="161d342a-882d-433d-af7c-1f7664c0812b" testId="2a1e7ed9-a3e1-4f65-21e8-a3e10d68b326" testName="Agapanthe.Tests.ComponentRegistryTests.Registry_ListsEveryComponentStruct_AndNothingExtra" computerName="PC-MAISON" duration="00:00:00.0079747" startTime="2026-07-13T17:25:31.5233582+02:00" endTime="2026-07-13T17:25:31.5318088+02:00" testType="13cdc9d9-ddb5-4fa4-a97d-d965ccfc6d4b" outcome="Passed" testListId="8c84fa94-04c1-424b-9868-57a2d4851a1d" relativeResultsDirectory="161d342a-882d-433d-af7c-1f7664c0812b" />
    <UnitTestResult executionId="5317d8db-64ea-4418-9072-1da9effaf047" testId="a5763bbb-3f47-d1e2-c434-7c8b144c07fa" testName="Agapanthe.Tests.FreeListAllocatorTests.Stats_AreCorrectAfterAllocFreeSequence" computerName="PC-MAISON" duration="00:00:00.0103719" startTime="2026-07-13T17:25:31.5317488+02:00" endTime="2026-07-13T17:25:31.5503639+02:00" testType="13cdc9d9-ddb5-4fa4-a97d-d965ccfc6d4b" outcome="Passed" testListId="8c84fa94-04c1-424b-9868-57a2d4851a1d" relativeResultsDirectory="5317d8db-64ea-4418-9072-1da9effaf047" />
    <UnitTestResult executionId="9e37788f-7913-4132-8634-9124b070110e" testId="7d0afa66-8d1f-89d4-9eff-ace4b0a32ecf" testName="Agapanthe.Tests.FreeListAllocatorTests.FirstAllocation_CreatesBlockLazily" computerName="PC-MAISON" duration="00:00:00.0005686" startTime="2026-07-13T17:25:31.5545652+02:00" endTime="2026-07-13T17:25:31.5547017+02:00" testType="13cdc9d9-ddb5-4fa4-a97d-d965ccfc6d4b" outcome="Passed" testListId="8c84fa94-04c1-424b-9868-57a2d4851a1d" relativeResultsDirectory="9e37788f-7913-4132-8634-9124b070110e" />
    <UnitTestResult executionId="2ba541c8-d688-4fcd-9adc-c718a010ba6d" testId="774bc1de-eb22-80b2-6149-b3276a03847a" testName="Agapanthe.Tests.MathHelpersTests.OrthographicVulkan_Corners_MapToNdcExtents" computerName="PC-MAISON" duration="00:00:00.0002092" startTime="2026-07-13T17:25:31.5273048+02:00" endTime="2026-07-13T17:25:31.5273632+02:00" testType="13cdc9d9-ddb5-4fa4-a97d-d965ccfc6d4b" outcome="Passed" testListId="8c84fa94-04c1-424b-9868-57a2d4851a1d" relativeResultsDirectory="2ba541c8-d688-4fcd-9adc-c718a010ba6d" />
    <UnitTestResult executionId="47050af7-d9b8-4a2d-a1a7-7b9fba185341" testId="41fa5473-07d0-812e-e83d-d5fb2dfa3908" testName="Agapanthe.Tests.GpuUploaderTests.PackOffsetAndType_RoundTrips(offset: 0, memoryTypeIndex: 0)" computerName="PC-MAISON" duration="00:00:00.0000069" startTime="2026-07-13T17:25:31.5612100+02:00" endTime="2026-07-13T17:25:31.5612586+02:00" testType="13cdc9d9-ddb5-4fa4-a97d-d965ccfc6d4b" outcome="Passed" testListId="8c84fa94-04c1-424b-9868-57a2d4851a1d" relativeResultsDirectory="47050af7-d9b8-4a2d-a1a7-7b9fba185341" />
    <UnitTestResult executionId="79bb5bb4-5908-4c40-a45e-fa0be29638fd" testId="aa169141-8abf-94d8-5a10-e3018da28537" testName="Agapanthe.Tests.TangentGeneratorTests.FlatQuad_ProducesUnitXTangentWithPositiveHandedness" computerName="PC-MAISON" duration="00:00:00.0021506" startTime="2026-07-13T17:25:31.5858034+02:00" endTime="2026-07-13T17:25:31.5860467+02:00" testType="13cdc9d9-ddb5-4fa4-a97d-d965ccfc6d4b" outcome="Passed" testListId="8c84fa94-04c1-424b-9868-57a2d4851a1d" relativeResultsDirectory="79bb5bb4-5908-4c40-a45e-fa0be29638fd" />
    <UnitTestResult executionId="aebaa42c-1bb7-4fac-b191-ae2712b2e468" testId="30c14bf3-fc94-105c-95fd-5c6c49bb60af" testName="Agapanthe.Tests.ImageLoaderTests.LoadFromBytes_MatchesLoad_ForSameBytes" computerName="PC-MAISON" duration="00:00:00.0021547" startTime="2026-07-13T17:25:31.6027750+02:00" endTime="2026-07-13T17:25:31.6028354+02:00" testType="13cdc9d9-ddb5-4fa4-a97d-d965ccfc6d4b" outcome="Passed" testListId="8c84fa94-04c1-424b-9868-57a2d4851a1d" relativeResultsDirectory="aebaa42c-1bb7-4fac-b191-ae2712b2e468" />
    <UnitTestResult executionId="bd5234a1-25fb-4a8f-88b8-fa2d92448bb6" testId="e065919c-e5d7-5cfa-fabb-d4789b2214d4" testName="Agapanthe.Tests.TangentGeneratorTests.MismatchedStreamLengths_Throw" computerName="PC-MAISON" duration="00:00:00.0019791" startTime="2026-07-13T17:25:31.5873006+02:00" endTime="2026-07-13T17:25:31.5875862+02:00" testType="13cdc9d9-ddb5-4fa4-a97d-d965ccfc6d4b" outcome="Passed" testListId="8c84fa94-04c1-424b-9868-57a2d4851a1d" relativeResultsDirectory="bd5234a1-25fb-4a8f-88b8-fa2d92448bb6" />
    <UnitTestResult executionId="8f1434ee-2fee-4871-802c-d61c5c777a7d" testId="f4eac7b4-25fb-7726-86a6-00bd5122b269" testName="Agapanthe.Tests.RenderingDataTests.MaterialUniforms_Is64Bytes" computerName="PC-MAISON" duration="00:00:00.0011527" startTime="2026-07-13T17:25:31.5772386+02:00" endTime="2026-07-13T17:25:31.5773119+02:00" testType="13cdc9d9-ddb5-4fa4-a97d-d965ccfc6d4b" outcome="Passed" testListId="8c84fa94-04c1-424b-9868-57a2d4851a1d" relativeResultsDirectory="8f1434ee-2fee-4871-802c-d61c5c777a7d" />
    <UnitTestResult executionId="f34a5a0d-2c47-4e2c-b24f-a8758f735577" testId="8fba6cf4-ff18-8870-7757-a2f97320443d" testName="Agapanthe.Tests.CameraTests.Controller_MoveForward_AdvancesAlongForward" computerName="PC-MAISON" duration="00:00:00.0009834" startTime="2026-07-13T17:25:31.5383627+02:00" endTime="2026-07-13T17:25:31.5507332+02:00" testType="13cdc9d9-ddb5-4fa4-a97d-d965ccfc6d4b" outcome="Passed" testListId="8c84fa94-04c1-424b-9868-57a2d4851a1d" relativeResultsDirectory="f34a5a0d-2c47-4e2c-b24f-a8758f735577" />
    <UnitTestResult executionId="ed2851c8-a3b1-4339-bcdd-f4c93704c985" testId="37f7fcdc-0b25-c180-6288-0b8f7175051f" testName="Agapanthe.Tests.LightsUniformsTests.SceneLights_PointCountClampsToCapacity" computerName="PC-MAISON" duration="00:00:00.0140020" startTime="2026-07-13T17:25:31.4581910+02:00" endTime="2026-07-13T17:25:31.4731294+02:00" testType="13cdc9d9-ddb5-4fa4-a97d-d965ccfc6d4b" outcome="Passed" testListId="8c84fa94-04c1-424b-9868-57a2d4851a1d" relativeResultsDirectory="ed2851c8-a3b1-4339-bcdd-f4c93704c985" />
    <UnitTestResult executionId="14f57f51-86cd-4963-a8da-c022d26cfe28" testId="6234bda8-c56b-4a76-7f78-52e68f4e4a3e" testName="Agapanthe.Tests.RenderingDataTests.MaterialUniforms_MembersAtStd140Offsets" computerName="PC-MAISON" duration="00:00:00.0136676" startTime="2026-07-13T17:25:31.4583645+02:00" endTime="2026-07-13T17:25:31.4731845+02:00" testType="13cdc9d9-ddb5-4fa4-a97d-d965ccfc6d4b" outcome="Passed" testListId="8c84fa94-04c1-424b-9868-57a2d4851a1d" relativeResultsDirectory="14f57f51-86cd-4963-a8da-c022d26cfe28" />
    <UnitTestResult executionId="8b13dc68-e4d2-4890-aae8-68bcf3822378" testId="e0d9261b-a1e7-f890-5871-22d7fc3041b3" testName="Agapanthe.Tests.GpuAllocatorTests.Free_FromUnknownMemoryType_Throws" computerName="PC-MAISON" duration="00:00:00.0117071" startTime="2026-07-13T17:25:31.5972839+02:00" endTime="2026-07-13T17:25:31.5973258+02:00" testType="13cdc9d9-ddb5-4fa4-a97d-d965ccfc6d4b" outcome="Passed" testListId="8c84fa94-04c1-424b-9868-57a2d4851a1d" relativeResultsDirectory="8b13dc68-e4d2-4890-aae8-68bcf3822378" />
    <UnitTestResult executionId="559572c9-6f67-4bcf-8e34-7e24c855ed5d" testId="2e9bb9f4-315d-2c1b-7019-d2256ec9fe0f" testName="Agapanthe.Tests.Double3Tests.ToVector3_AtOrigin_ReNarrowsWidenedFloatBitExact(f: -9876.54297)" computerName="PC-MAISON" duration="00:00:00.0000148" startTime="2026-07-13T17:25:31.5181236+02:00" endTime="2026-07-13T17:25:31.5182647+02:00" testType="13cdc9d9-ddb5-4fa4-a97d-d965ccfc6d4b" outcome="Passed" testListId="8c84fa94-04c1-424b-9868-57a2d4851a1d" relativeResultsDirectory="559572c9-6f67-4bcf-8e34-7e24c855ed5d" />
    <UnitTestResult executionId="c3f84d35-ccfb-4d0c-87ed-5cf80579d579" testId="a5676274-ca48-0e4d-5b00-fbb1cffdc98a" testName="Agapanthe.Tests.RenderListTests.SortByKey_IsAllocationFree" computerName="PC-MAISON" duration="00:00:00.0096602" startTime="2026-07-13T17:25:31.5573410+02:00" endTime="2026-07-13T17:25:31.5659568+02:00" testType="13cdc9d9-ddb5-4fa4-a97d-d965ccfc6d4b" outcome="Passed" testListId="8c84fa94-04c1-424b-9868-57a2d4851a1d" relativeResultsDirectory="c3f84d35-ccfb-4d0c-87ed-5cf80579d579" />
    <UnitTestResult executionId="c41880b8-a4fa-48bf-bca4-73fdf019a5f0" testId="5d5502fd-e1fb-f6ce-103c-32cd8d0f54c1" testName="Agapanthe.Tests.ShaderIncludeResolverTests.Resolve_MalformedInclude_Throws" computerName="PC-MAISON" duration="00:00:00.0048557" startTime="2026-07-13T17:25:31.6049854+02:00" endTime="2026-07-13T17:25:31.6050826+02:00" testType="13cdc9d9-ddb5-4fa4-a97d-d965ccfc6d4b" outcome="Passed" testListId="8c84fa94-04c1-424b-9868-57a2d4851a1d" relativeResultsDirectory="c41880b8-a4fa-48bf-bca4-73fdf019a5f0" />
    <UnitTestResult executionId="df529519-d0c9-4495-b71e-88f90bb9b704" testId="b76e2756-5795-2c23-abff-ef397931ce49" testName="Agapanthe.Tests.GpuUploaderTests.PackOffsetAndType_MemoryTypeOverflow_Throws" computerName="PC-MAISON" duration="00:00:00.0014620" startTime="2026-07-13T17:25:31.5635597+02:00" endTime="2026-07-13T17:25:31.5639488+02:00" testType="13cdc9d9-ddb5-4fa4-a97d-d965ccfc6d4b" outcome="Passed" testListId="8c84fa94-04c1-424b-9868-57a2d4851a1d" relativeResultsDirectory="df529519-d0c9-4495-b71e-88f90bb9b704" />
    <UnitTestResult executionId="9c88e208-e574-40da-bfea-776c18ae0c80" testId="c55fd59c-b3bf-4aad-7014-9ce9e98b2431" testName="Agapanthe.Tests.ShaderCompilerTests.PrecompiledOnly_CacheHit_ReturnsCachedBlobWithoutCompiling" computerName="PC-MAISON" duration="00:00:00.1598023" startTime="2026-07-13T17:25:33.6702933+02:00" endTime="2026-07-13T17:25:33.8300704+02:00" testType="13cdc9d9-ddb5-4fa4-a97d-d965ccfc6d4b" outcome="Passed" testListId="8c84fa94-04c1-424b-9868-57a2d4851a1d" relativeResultsDirectory="9c88e208-e574-40da-bfea-776c18ae0c80" />
    <UnitTestResult executionId="01cd75fb-701a-447b-8008-82be77a91c7d" testId="ec96470d-95ec-4768-2ad2-789ee53bcacc" testName="Agapanthe.Tests.FreeListAllocatorTests.Allocate_RejectsNonPowerOfTwoAlignment(alignment: 3)" computerName="PC-MAISON" duration="00:00:00.0002658" startTime="2026-07-13T17:25:31.5523840+02:00" endTime="2026-07-13T17:25:31.5524434+02:00" testType="13cdc9d9-ddb5-4fa4-a97d-d965ccfc6d4b" outcome="Passed" testListId="8c84fa94-04c1-424b-9868-57a2d4851a1d" relativeResultsDirectory="01cd75fb-701a-447b-8008-82be77a91c7d" />
    <UnitTestResult executionId="4300aa06-6cf7-498f-85b0-0538e6cef1a0" testId="9532359b-36ba-c43e-4524-8b641d20070b" testName="Agapanthe.Tests.FreeListAllocatorTests.NonAdjacentFrees_DoNotCoalesce" computerName="PC-MAISON" duration="00:00:00.0009127" startTime="2026-07-13T17:25:31.5238187+02:00" endTime="2026-07-13T17:25:31.5244464+02:00" testType="13cdc9d9-ddb5-4fa4-a97d-d965ccfc6d4b" outcome="Passed" testListId="8c84fa94-04c1-424b-9868-57a2d4851a1d" relativeResultsDirectory="4300aa06-6cf7-498f-85b0-0538e6cef1a0" />
    <UnitTestResult executionId="7bcd14c6-15d4-4a0b-b7f5-78eddf7d94d8" testId="0dd87eb6-4b39-86df-b208-24e44e876e36" testName="Agapanthe.Tests.ShaderCompilerTests.Compile_CorruptCachedBlob_SelfHealsInsteadOfThrowing(truncatedLength: 13)" computerName="PC-MAISON" duration="00:00:00.1597062" startTime="2026-07-13T17:25:32.8123614+02:00" endTime="2026-07-13T17:25:32.9718853+02:00" testType="13cdc9d9-ddb5-4fa4-a97d-d965ccfc6d4b" outcome="Passed" testListId="8c84fa94-04c1-424b-9868-57a2d4851a1d" relativeResultsDirectory="7bcd14c6-15d4-4a0b-b7f5-78eddf7d94d8" />
    <UnitTestResult executionId="992c1fef-c859-4ff2-bbcb-33d41fc0bc43" testId="be665569-1672-4882-d857-63faad98cd28" testName="Agapanthe.Tests.RenderingDataTests.ChooseIndexFormat_AllSmall_PicksU16" computerName="PC-MAISON" duration="00:00:00.0010051" startTime="2026-07-13T17:25:31.5694802+02:00" endTime="2026-07-13T17:25:31.5695221+02:00" testType="13cdc9d9-ddb5-4fa4-a97d-d965ccfc6d4b" outcome="Passed" testListId="8c84fa94-04c1-424b-9868-57a2d4851a1d" relativeResultsDirectory="992c1fef-c859-4ff2-bbcb-33d41fc0bc43" />
    <UnitTestResult executionId="a0003c41-ec5d-4589-9280-09dcf9e007c2" testId="99d695dc-8b37-ff75-0b07-3617c87085fd" testName="Agapanthe.Tests.GpuAllocatorTests.Free_ReturnsSpaceForReuse" computerName="PC-MAISON" duration="00:00:00.0004008" startTime="2026-07-13T17:25:31.5971052+02:00" endTime="2026-07-13T17:25:31.5971709+02:00" testType="13cdc9d9-ddb5-4fa4-a97d-d965ccfc6d4b" outcome="Passed" testListId="8c84fa94-04c1-424b-9868-57a2d4851a1d" relativeResultsDirectory="a0003c41-ec5d-4589-9280-09dcf9e007c2" />
    <UnitTestResult executionId="6eca04c2-24ea-4ac2-9ef7-3fd7f684e66d" testId="a92cf259-c547-c399-6c82-2cd57f541409" testName="Agapanthe.Tests.Double3Tests.Bounds_UnionAndCenterDiagonal" computerName="PC-MAISON" duration="00:00:00.0049467" startTime="2026-07-13T17:25:31.5342705+02:00" endTime="2026-07-13T17:25:31.5384105+02:00" testType="13cdc9d9-ddb5-4fa4-a97d-d965ccfc6d4b" outcome="Passed" testListId="8c84fa94-04c1-424b-9868-57a2d4851a1d" relativeResultsDirectory="6eca04c2-24ea-4ac2-9ef7-3fd7f684e66d" />
    <UnitTestResult executionId="b8bf4fe6-9adf-40f8-a48d-19ed7e5d5ab3" testId="562d8dbb-afb2-2dc0-ab69-a41ac07e33e6" testName="Agapanthe.Tests.DeletionQueueTests.FlushAllNonCapturing_DrainsEverything_PayloadIntact" computerName="PC-MAISON" duration="00:00:00.0513718" startTime="2026-07-13T17:25:31.5234079+02:00" endTime="2026-07-13T17:25:31.5775012+02:00" testType="13cdc9d9-ddb5-4fa4-a97d-d965ccfc6d4b" outcome="Passed" testListId="8c84fa94-04c1-424b-9868-57a2d4851a1d" relativeResultsDirectory="b8bf4fe6-9adf-40f8-a48d-19ed7e5d5ab3" />
    <UnitTestResult executionId="b69fba3e-4348-4a4f-87c5-2666f5f3ee02" testId="cf08d045-603d-6e76-ecb6-d5e0f08808f8" testName="Agapanthe.Tests.GltfLoaderTests.DamagedHelmet_LoadsGeometryMaterialAndEmbeddedImages" computerName="PC-MAISON" duration="00:00:00.8608721" startTime="2026-07-13T17:25:31.6144010+02:00" endTime="2026-07-13T17:25:32.4548320+02:00" testType="13cdc9d9-ddb5-4fa4-a97d-d965ccfc6d4b" outcome="Passed" testListId="8c84fa94-04c1-424b-9868-57a2d4851a1d" relativeResultsDirectory="b69fba3e-4348-4a4f-87c5-2666f5f3ee02" />
    <UnitTestResult executionId="e1875e55-bffe-457d-8cdb-ad739bbc24b3" testId="eecd1ac8-7e86-1277-0f36-56b5ece078e2" testName="Agapanthe.Tests.AccessorReaderTests.ReadIndices_U8_WidensToUInt" computerName="PC-MAISON" duration="00:00:00.0003305" startTime="2026-07-13T17:25:31.6096794+02:00" endTime="2026-07-13T17:25:31.6097258+02:00" testType="13cdc9d9-ddb5-4fa4-a97d-d965ccfc6d4b" outcome="Passed" testListId="8c84fa94-04c1-424b-9868-57a2d4851a1d" relativeResultsDirectory="e1875e55-bffe-457d-8cdb-ad739bbc24b3" />
    <UnitTestResult executionId="3502b04f-c63d-4edc-b444-f3794340e828" testId="66c43c39-d9c9-c821-9c44-32a18730a8d7" testName="Agapanthe.Tests.Double3Tests.LengthAndDistance" computerName="PC-MAISON" duration="00:00:00.0025990" startTime="2026-07-13T17:25:31.5232567+02:00" endTime="2026-07-13T17:25:31.5267878+02:00" testType="13cdc9d9-ddb5-4fa4-a97d-d965ccfc6d4b" outcome="Passed" testListId="8c84fa94-04c1-424b-9868-57a2d4851a1d" relativeResultsDirectory="3502b04f-c63d-4edc-b444-f3794340e828" />
    <UnitTestResult executionId="f5d90fc3-5787-416e-be81-4cab387397e5" testId="c44cb0d0-bf72-4cf9-f052-63f2b146e35d" testName="Agapanthe.Tests.GpuAllocatorTests.DifferentDomains_UseSeparateSubAllocators" computerName="PC-MAISON" duration="00:00:00.0018858" startTime="2026-07-13T17:25:31.5934372+02:00" endTime="2026-07-13T17:25:31.5934979+02:00" testType="13cdc9d9-ddb5-4fa4-a97d-d965ccfc6d4b" outcome="Passed" testListId="8c84fa94-04c1-424b-9868-57a2d4851a1d" relativeResultsDirectory="f5d90fc3-5787-416e-be81-4cab387397e5" />
    <UnitTestResult executionId="ab06ab67-1823-40f1-afd6-d37f353e739e" testId="19ec791d-63d6-4d43-b8de-c22503ecd941" testName="Agapanthe.Tests.GpuAllocatorTests.GetStats_AggregatesPerType" computerName="PC-MAISON" duration="00:00:00.0118698" startTime="2026-07-13T17:25:31.5870725+02:00" endTime="2026-07-13T17:25:31.5932379+02:00" testType="13cdc9d9-ddb5-4fa4-a97d-d965ccfc6d4b" outcome="Passed" testListId="8c84fa94-04c1-424b-9868-57a2d4851a1d" relativeResultsDirectory="ab06ab67-1823-40f1-afd6-d37f353e739e" />
    <UnitTestResult executionId="de58f016-73e8-41ee-9ad5-33ea87c138db" testId="a11421f1-c35e-448a-ecc4-3041619ee682" testName="Agapanthe.Tests.HdrImageLoaderTests.Load_DecodesFixtureToRgbaFloat_WithExpectedDimensions" computerName="PC-MAISON" duration="00:00:00.0994495" startTime="2026-07-13T17:25:31.4585262+02:00" endTime="2026-07-13T17:25:31.5906018+02:00" testType="13cdc9d9-ddb5-4fa4-a97d-d965ccfc6d4b" outcome="Passed" testListId="8c84fa94-04c1-424b-9868-57a2d4851a1d" relativeResultsDirectory="de58f016-73e8-41ee-9ad5-33ea87c138db" />
    <UnitTestResult executionId="f6da1bf4-bde0-4a07-8f9f-6d43f3580103" testId="ad688d4e-9d1f-a501-6bf9-8c9d5118def6" testName="Agapanthe.Tests.GltfParserTests.Load_NonTrianglePrimitiveMode_Throws" computerName="PC-MAISON" duration="00:00:00.0005271" startTime="2026-07-13T17:25:31.6172043+02:00" endTime="2026-07-13T17:25:31.6172753+02:00" testType="13cdc9d9-ddb5-4fa4-a97d-d965ccfc6d4b" outcome="Passed" testListId="8c84fa94-04c1-424b-9868-57a2d4851a1d" relativeResultsDirectory="f6da1bf4-bde0-4a07-8f9f-6d43f3580103" />
    <UnitTestResult executionId="2ad5da77-a66b-4577-9b31-ea0dc7ef39b5" testId="b9eb10d8-7d01-2105-d7ea-2a4b6135ad44" testName="Agapanthe.Tests.ShaderHotReloaderTests.A_change_after_a_drain_re_arms_the_reloader" computerName="PC-MAISON" duration="00:00:00.0004865" startTime="2026-07-13T17:25:31.5532010+02:00" endTime="2026-07-13T17:25:31.5533920+02:00" testType="13cdc9d9-ddb5-4fa4-a97d-d965ccfc6d4b" outcome="Passed" testListId="8c84fa94-04c1-424b-9868-57a2d4851a1d" relativeResultsDirectory="2ad5da77-a66b-4577-9b31-ea0dc7ef39b5" />
    <UnitTestResult executionId="9ad09b3a-6a03-4ac0-980b-56ee97e45aa9" testId="195e3708-1ede-a258-bee5-67d75cadd5ae" testName="Agapanthe.Tests.CameraTests.Controller_ClampsPitchToPlus89Degrees" computerName="PC-MAISON" duration="00:00:00.0146843" startTime="2026-07-13T17:25:31.4583251+02:00" endTime="2026-07-13T17:25:31.4632335+02:00" testType="13cdc9d9-ddb5-4fa4-a97d-d965ccfc6d4b" outcome="Passed" testListId="8c84fa94-04c1-424b-9868-57a2d4851a1d" relativeResultsDirectory="9ad09b3a-6a03-4ac0-980b-56ee97e45aa9" />
    <UnitTestResult executionId="55780032-f326-4587-b7fb-af6ef2f87614" testId="128cf37d-7321-1e00-c5f7-37860b841cf7" testName="Agapanthe.Tests.DeletionQueueTests.Enqueue_NotDestroyedUntilFramesInFlightElapsed" computerName="PC-MAISON" duration="00:00:00.0161815" startTime="2026-07-13T17:25:31.4583955+02:00" endTime="2026-07-13T17:25:31.4730165+02:00" testType="13cdc9d9-ddb5-4fa4-a97d-d965ccfc6d4b" outcome="Passed" testListId="8c84fa94-04c1-424b-9868-57a2d4851a1d" relativeResultsDirectory="55780032-f326-4587-b7fb-af6ef2f87614" />
    <UnitTestResult executionId="ead76df4-8777-42df-b1a9-b38deddcd005" testId="01bc168b-cfbd-be76-b414-73d1d3a9617e" testName="Agapanthe.Tests.AccessorReaderTests.ReadVec3_BoxPositions_HasExpectedCountAndBounds" computerName="PC-MAISON" duration="00:00:00.0010215" startTime="2026-07-13T17:25:31.6150924+02:00" endTime="2026-07-13T17:25:31.6153318+02:00" testType="13cdc9d9-ddb5-4fa4-a97d-d965ccfc6d4b" outcome="Passed" testListId="8c84fa94-04c1-424b-9868-57a2d4851a1d" relativeResultsDirectory="ead76df4-8777-42df-b1a9-b38deddcd005" />
    <UnitTestResult executionId="87be0d84-3fc0-4cc4-8488-439901ec5ab0" testId="636ff056-a9c0-875c-1327-9b85a6ae3714" testName="Agapanthe.Tests.ShaderCompilerTests.Compile_CorruptCachedBlob_SelfHealsInsteadOfThrowing(truncatedLength: 0)" computerName="PC-MAISON" duration="00:00:00.1613761" startTime="2026-07-13T17:25:32.6505873+02:00" endTime="2026-07-13T17:25:32.8120676+02:00" testType="13cdc9d9-ddb5-4fa4-a97d-d965ccfc6d4b" outcome="Passed" testListId="8c84fa94-04c1-424b-9868-57a2d4851a1d" relativeResultsDirectory="87be0d84-3fc0-4cc4-8488-439901ec5ab0" />
    <UnitTestResult executionId="96f80589-7a25-40cf-bbcd-d5acbafd1701" testId="8d354c5e-5fc1-b3c9-4088-c8b8ebcc3814" testName="Agapanthe.Tests.ResourceTrackerTests.BalancedRegisterUnregister_ReportsNoLeak" computerName="PC-MAISON" duration="00:00:00.0046068" startTime="2026-07-13T17:25:34.1307664+02:00" endTime="2026-07-13T17:25:34.1341676+02:00" testType="13cdc9d9-ddb5-4fa4-a97d-d965ccfc6d4b" outcome="Passed" testListId="8c84fa94-04c1-424b-9868-57a2d4851a1d" relativeResultsDirectory="96f80589-7a25-40cf-bbcd-d5acbafd1701" />
    <UnitTestResult executionId="c771b83d-f2de-4a2f-b83b-3ed6563419cf" testId="eb94a372-e8ea-f8a1-1d2a-c64b06fb30ed" testName="Agapanthe.Tests.ComponentRegistryTests.ComponentRegistry_All_HasNoDuplicates" computerName="PC-MAISON" duration="00:00:00.0135904" startTime="2026-07-13T17:25:31.4584732+02:00" endTime="2026-07-13T17:25:31.4730574+02:00" testType="13cdc9d9-ddb5-4fa4-a97d-d965ccfc6d4b" outcome="Passed" testListId="8c84fa94-04c1-424b-9868-57a2d4851a1d" relativeResultsDirectory="c771b83d-f2de-4a2f-b83b-3ed6563419cf" />
    <UnitTestResult executionId="bc46a9fb-8f19-473d-8579-bbb670c307b2" testId="efd79c22-0737-de92-8110-bad974016288" testName="Agapanthe.Tests.HdrImageLoaderTests.LoadFromBytes_EmptyData_ThrowsAssetException" computerName="PC-MAISON" duration="00:00:00.0015057" startTime="2026-07-13T17:25:31.5907697+02:00" endTime="2026-07-13T17:25:31.5910688+02:00" testType="13cdc9d9-ddb5-4fa4-a97d-d965ccfc6d4b" outcome="Passed" testListId="8c84fa94-04c1-424b-9868-57a2d4851a1d" relativeResultsDirectory="bc46a9fb-8f19-473d-8579-bbb670c307b2" />
    <UnitTestResult executionId="4f90c185-64a7-4eba-8806-65c1811fb871" testId="c3d0bf8d-5a11-a210-eb1e-efee285a7510" testName="Agapanthe.Tests.ImageLoaderTests.Load_MissingFile_ThrowsAssetExceptionWithPath" computerName="PC-MAISON" duration="00:00:00.0014374" startTime="2026-07-13T17:25:31.5979744+02:00" endTime="2026-07-13T17:25:31.6011643+02:00" testType="13cdc9d9-ddb5-4fa4-a97d-d965ccfc6d4b" outcome="Passed" testListId="8c84fa94-04c1-424b-9868-57a2d4851a1d" relativeResultsDirectory="4f90c185-64a7-4eba-8806-65c1811fb871" />
    <UnitTestResult executionId="e6d6db05-a2dd-4b8a-b41d-203f145c8770" testId="bfff32c1-a0c6-c1c4-4ce9-8135b1de47db" testName="Agapanthe.Tests.LightsUniformsTests.CameraUniforms_Is144BytesWithPositionAt128" computerName="PC-MAISON" duration="00:00:00.0018938" startTime="2026-07-13T17:25:31.5259643+02:00" endTime="2026-07-13T17:25:31.5280036+02:00" testType="13cdc9d9-ddb5-4fa4-a97d-d965ccfc6d4b" outcome="Passed" testListId="8c84fa94-04c1-424b-9868-57a2d4851a1d" relativeResultsDirectory="e6d6db05-a2dd-4b8a-b41d-203f145c8770" />
    <UnitTestResult executionId="c45f0cf9-5f4a-4b75-a16b-a5805959a28c" testId="c8d4cc6a-70d9-10a7-e00e-67d292430668" testName="Agapanthe.Tests.ShaderCompilerTests.Compile_InvalidGlsl_Throws" computerName="PC-MAISON" duration="00:00:00.0487922" startTime="2026-07-13T17:25:33.1292553+02:00" endTime="2026-07-13T17:25:33.1779340+02:00" testType="13cdc9d9-ddb5-4fa4-a97d-d965ccfc6d4b" outcome="Passed" testListId="8c84fa94-04c1-424b-9868-57a2d4851a1d" relativeResultsDirectory="c45f0cf9-5f4a-4b75-a16b-a5805959a28c" />
    <UnitTestResult executionId="fe941a00-365e-45fc-9d80-677da4ec0713" testId="f44117e7-411d-797a-1020-9f56c94908f3" testName="Agapanthe.Tests.GltfParserTests.Load_Box_AppliesGltfDefaults" computerName="PC-MAISON" duration="00:00:00.0005588" startTime="2026-07-13T17:25:31.6128095+02:00" endTime="2026-07-13T17:25:31.6128554+02:00" testType="13cdc9d9-ddb5-4fa4-a97d-d965ccfc6d4b" outcome="Passed" testListId="8c84fa94-04c1-424b-9868-57a2d4851a1d" relativeResultsDirectory="fe941a00-365e-45fc-9d80-677da4ec0713" />
    <UnitTestResult executionId="87cf02c3-e1dc-4b7e-a463-b97a82bbab8d" testId="7a8bc4f3-2419-23c0-c760-705143da96f1" testName="Agapanthe.Tests.GltfLoaderTests.Box_NodeMatrixIsAppliedAsWorldTransform" computerName="PC-MAISON" duration="00:00:00.0018680" startTime="2026-07-13T17:25:32.4609123+02:00" endTime="2026-07-13T17:25:32.4626526+02:00" testType="13cdc9d9-ddb5-4fa4-a97d-d965ccfc6d4b" outcome="Passed" testListId="8c84fa94-04c1-424b-9868-57a2d4851a1d" relativeResultsDirectory="87cf02c3-e1dc-4b7e-a463-b97a82bbab8d" />
    <UnitTestResult executionId="1481bffc-79a0-4333-a567-05b7274c7cb3" testId="ec88b883-e6b6-c2b9-ded3-15fc47580fb7" testName="Agapanthe.Tests.MathHelpersTests.OrthographicVulkan_PointOnNearPlane_MapsToDepthZero" computerName="PC-MAISON" duration="00:00:00.0002896" startTime="2026-07-13T17:25:31.5266972+02:00" endTime="2026-07-13T17:25:31.5271079+02:00" testType="13cdc9d9-ddb5-4fa4-a97d-d965ccfc6d4b" outcome="Passed" testListId="8c84fa94-04c1-424b-9868-57a2d4851a1d" relativeResultsDirectory="1481bffc-79a0-4333-a567-05b7274c7cb3" />
    <UnitTestResult executionId="6dc07ef3-71f1-4dac-b6cf-155fbe8cfe99" testId="48248010-7531-2c91-fb16-5911b427cc7a" testName="Agapanthe.Tests.Double3Tests.WidenFromVector3_IsExact" computerName="PC-MAISON" duration="00:00:00.0084019" startTime="2026-07-13T17:25:31.5488441+02:00" endTime="2026-07-13T17:25:31.5535385+02:00" testType="13cdc9d9-ddb5-4fa4-a97d-d965ccfc6d4b" outcome="Passed" testListId="8c84fa94-04c1-424b-9868-57a2d4851a1d" relativeResultsDirectory="6dc07ef3-71f1-4dac-b6cf-155fbe8cfe99" />
    <UnitTestResult executionId="bc32f299-0cc2-46a4-b35c-cad7ae90b676" testId="d44c824b-22da-f617-53bb-2c9e47c814a2" testName="Agapanthe.Tests.ShaderIncludeResolverTests.Resolve_MissingInclude_Throws" computerName="PC-MAISON" duration="00:00:00.0083412" startTime="2026-07-13T17:25:31.5931872+02:00" endTime="2026-07-13T17:25:31.5967286+02:00" testType="13cdc9d9-ddb5-4fa4-a97d-d965ccfc6d4b" outcome="Passed" testListId="8c84fa94-04c1-424b-9868-57a2d4851a1d" relativeResultsDirectory="bc32f299-0cc2-46a4-b35c-cad7ae90b676" />
    <UnitTestResult executionId="73e8e811-25eb-4867-9440-1270a7a22126" testId="97fb92e0-d949-2086-b868-b5b739be1db7" testName="Agapanthe.Tests.AccessorReaderTests.ReadVec3_BoxNormals_HasExpectedCountAndBounds" computerName="PC-MAISON" duration="00:00:00.0017155" startTime="2026-07-13T17:25:31.6163844+02:00" endTime="2026-07-13T17:25:31.6166573+02:00" testType="13cdc9d9-ddb5-4fa4-a97d-d965ccfc6d4b" outcome="Passed" testListId="8c84fa94-04c1-424b-9868-57a2d4851a1d" relativeResultsDirectory="73e8e811-25eb-4867-9440-1270a7a22126" />
    <UnitTestResult executionId="ea225016-bdac-4dbd-8b1f-9e2f654c8d93" testId="239cc2af-2c39-4062-165c-4b79d5f81190" testName="Agapanthe.Tests.FreeListAllocatorTests.Allocate_RejectsZeroSize(size: 0)" computerName="PC-MAISON" duration="00:00:00.0018543" startTime="2026-07-13T17:25:31.5778696+02:00" endTime="2026-07-13T17:25:31.5794579+02:00" testType="13cdc9d9-ddb5-4fa4-a97d-d965ccfc6d4b" outcome="Passed" testListId="8c84fa94-04c1-424b-9868-57a2d4851a1d" relativeResultsDirectory="ea225016-bdac-4dbd-8b1f-9e2f654c8d93" />
    <UnitTestResult executionId="23993b92-ef53-4c63-91fc-b574ceba6409" testId="4dcc706c-2bc2-77c4-a680-46004ad0fe43" testName="Agapanthe.Tests.MathHelpersTests.PerspectiveVulkan_ViewSpaceUp_MapsToNegativeClipY" computerName="PC-MAISON" duration="00:00:00.0131710" startTime="2026-07-13T17:25:31.4584185+02:00" endTime="2026-07-13T17:25:31.4731544+02:00" testType="13cdc9d9-ddb5-4fa4-a97d-d965ccfc6d4b" outcome="Passed" testListId="8c84fa94-04c1-424b-9868-57a2d4851a1d" relativeResultsDirectory="23993b92-ef53-4c63-91fc-b574ceba6409" />
    <UnitTestResult executionId="8c6e489f-ecad-4e3f-8e00-a9b5d19910a0" testId="cf2af509-f65a-696f-aad0-968d9c939a3c" testName="Agapanthe.Tests.RenderListTests.Add_GrowsAndPreservesItemsInOrder" computerName="PC-MAISON" duration="00:00:00.0096385" startTime="2026-07-13T17:25:31.5506551+02:00" endTime="2026-07-13T17:25:31.5554470+02:00" testType="13cdc9d9-ddb5-4fa4-a97d-d965ccfc6d4b" outcome="Passed" testListId="8c84fa94-04c1-424b-9868-57a2d4851a1d" relativeResultsDirectory="8c6e489f-ecad-4e3f-8e00-a9b5d19910a0" />
    <UnitTestResult executionId="0a4113f2-6f2b-4212-95bf-30e83addcef0" testId="6cdd1c61-cc0c-5aed-e99b-58ad5e963c39" testName="Agapanthe.Tests.GpuUploaderTests.PackOffsetAndType_RoundTrips(offset: 64, memoryTypeIndex: 3)" computerName="PC-MAISON" duration="00:00:00.0000059" startTime="2026-07-13T17:25:31.5613724+02:00" endTime="2026-07-13T17:25:31.5615092+02:00" testType="13cdc9d9-ddb5-4fa4-a97d-d965ccfc6d4b" outcome="Passed" testListId="8c84fa94-04c1-424b-9868-57a2d4851a1d" relativeResultsDirectory="0a4113f2-6f2b-4212-95bf-30e83addcef0" />
    <UnitTestResult executionId="e61d6b70-98bb-46de-b18e-d15102af8896" testId="5059fe94-3c52-06fb-298b-0954c720097c" testName="Agapanthe.Tests.GpuBufferDeferredFreeTests.ReconstructedAllocation_FreesTheOriginalRegion_AllowingReuse" computerName="PC-MAISON" duration="00:00:00.0129802" startTime="2026-07-13T17:25:31.5661729+02:00" endTime="2026-07-13T17:25:31.5779557+02:00" testType="13cdc9d9-ddb5-4fa4-a97d-d965ccfc6d4b" outcome="Passed" testListId="8c84fa94-04c1-424b-9868-57a2d4851a1d" relativeResultsDirectory="e61d6b70-98bb-46de-b18e-d15102af8896" />
    <UnitTestResult executionId="163c937a-bffb-4537-a7ff-c2f6f383eee5" testId="68a1f093-5331-707a-5924-fe7586b03dc6" testName="Agapanthe.Tests.RenderingDataTests.MaterialLayout_HasSixBindingsInPbrOrder" computerName="PC-MAISON" duration="00:00:00.0291198" startTime="2026-07-13T17:25:31.5233308+02:00" endTime="2026-07-13T17:25:31.5565716+02:00" testType="13cdc9d9-ddb5-4fa4-a97d-d965ccfc6d4b" outcome="Passed" testListId="8c84fa94-04c1-424b-9868-57a2d4851a1d" relativeResultsDirectory="163c937a-bffb-4537-a7ff-c2f6f383eee5" />
    <UnitTestResult executionId="53447d54-d0de-4209-89aa-69f9659e8199" testId="e5fc400d-2570-041a-0095-69ff2d8c1921" testName="Agapanthe.Tests.CameraTests.Yaw_90Degrees_RotatesForwardTowardPositiveX" computerName="PC-MAISON" duration="00:00:00.0006188" startTime="2026-07-13T17:25:31.5297181+02:00" endTime="2026-07-13T17:25:31.5297769+02:00" testType="13cdc9d9-ddb5-4fa4-a97d-d965ccfc6d4b" outcome="Passed" testListId="8c84fa94-04c1-424b-9868-57a2d4851a1d" relativeResultsDirectory="53447d54-d0de-4209-89aa-69f9659e8199" />
    <UnitTestResult executionId="3c3dda77-2481-4b23-82f8-8ddbfe458f1c" testId="d49a5280-74d3-5ca7-3057-b51f3771899f" testName="Agapanthe.Tests.GpuAllocatorTests.Dispose_FreesAllBlocks_AndBlocksFurtherUse" computerName="PC-MAISON" duration="00:00:00.0007299" startTime="2026-07-13T17:25:31.5942334+02:00" endTime="2026-07-13T17:25:31.5969838+02:00" testType="13cdc9d9-ddb5-4fa4-a97d-d965ccfc6d4b" outcome="Passed" testListId="8c84fa94-04c1-424b-9868-57a2d4851a1d" relativeResultsDirectory="3c3dda77-2481-4b23-82f8-8ddbfe458f1c" />
    <UnitTestResult executionId="c902d473-7347-458c-ab47-66261befd14b" testId="15f1fd9c-7321-a5f4-34bf-aa55248f0845" testName="Agapanthe.Tests.ShaderCompilerTests.Compile_DifferentStage_UsesDistinctCacheKey" computerName="PC-MAISON" duration="00:00:00.1479907" startTime="2026-07-13T17:25:33.8303573+02:00" endTime="2026-07-13T17:25:33.9783269+02:00" testType="13cdc9d9-ddb5-4fa4-a97d-d965ccfc6d4b" outcome="Passed" testListId="8c84fa94-04c1-424b-9868-57a2d4851a1d" relativeResultsDirectory="c902d473-7347-458c-ab47-66261befd14b" />
    <UnitTestResult executionId="a0b36565-b752-4965-b6d9-64878bef9a02" testId="5d8ff754-01d9-6231-80a1-16c044b1deba" testName="Agapanthe.Tests.CameraTests.Pitch_90Degrees_LooksUp" computerName="PC-MAISON" duration="00:00:00.0001310" startTime="2026-07-13T17:25:31.5508734+02:00" endTime="2026-07-13T17:25:31.5509267+02:00" testType="13cdc9d9-ddb5-4fa4-a97d-d965ccfc6d4b" outcome="Passed" testListId="8c84fa94-04c1-424b-9868-57a2d4851a1d" relativeResultsDirectory="a0b36565-b752-4965-b6d9-64878bef9a02" />
    <UnitTestResult executionId="91bd4fda-3e1b-47fe-833e-b409c52cfc4a" testId="395cd58a-cfe3-a518-4e25-dbb2f7709671" testName="Agapanthe.Tests.ShaderCompilerTests.PrecompiledOnly_CacheMiss_ThrowsExplicitlyInsteadOfLoadingShaderc" computerName="PC-MAISON" duration="00:00:00.0019842" startTime="2026-07-13T17:25:33.5168360+02:00" endTime="2026-07-13T17:25:33.5186970+02:00" testType="13cdc9d9-ddb5-4fa4-a97d-d965ccfc6d4b" outcome="Passed" testListId="8c84fa94-04c1-424b-9868-57a2d4851a1d" relativeResultsDirectory="91bd4fda-3e1b-47fe-833e-b409c52cfc4a" />
    <UnitTestResult executionId="bb4b70c5-784f-4ca6-a933-d1475d8ca848" testId="a305b4f0-4a55-c68f-abdf-28468401c579" testName="Agapanthe.Tests.FreeListAllocatorTests.MappedPointer_TracksBlockBasePlusOffset" computerName="PC-MAISON" duration="00:00:00.0128184" startTime="2026-07-13T17:25:31.5548332+02:00" endTime="2026-07-13T17:25:31.5643219+02:00" testType="13cdc9d9-ddb5-4fa4-a97d-d965ccfc6d4b" outcome="Passed" testListId="8c84fa94-04c1-424b-9868-57a2d4851a1d" relativeResultsDirectory="bb4b70c5-784f-4ca6-a933-d1475d8ca848" />
    <UnitTestResult executionId="8b332aaf-08bc-407f-929b-7ecfcee40fdb" testId="0a4d9d85-d291-045f-363a-a018f01510e1" testName="Agapanthe.Tests.FreeListAllocatorTests.DeviceLocalAllocation_HasNoMappedPointer" computerName="PC-MAISON" duration="00:00:00.0006226" startTime="2026-07-13T17:25:31.5840175+02:00" endTime="2026-07-13T17:25:31.5840945+02:00" testType="13cdc9d9-ddb5-4fa4-a97d-d965ccfc6d4b" outcome="Passed" testListId="8c84fa94-04c1-424b-9868-57a2d4851a1d" relativeResultsDirectory="8b332aaf-08bc-407f-929b-7ecfcee40fdb" />
    <UnitTestResult executionId="ed75446a-5eb7-4489-add2-4d3baddab706" testId="cae85318-7d91-9871-2c86-56094ed1c4a2" testName="Agapanthe.Tests.WorldSystemsTests.Propagate_ParentScale_ScalesChildOffset" computerName="PC-MAISON" duration="00:00:00.0003249" startTime="2026-07-13T17:25:31.6120845+02:00" endTime="2026-07-13T17:25:31.6121280+02:00" testType="13cdc9d9-ddb5-4fa4-a97d-d965ccfc6d4b" outcome="Passed" testListId="8c84fa94-04c1-424b-9868-57a2d4851a1d" relativeResultsDirectory="ed75446a-5eb7-4489-add2-4d3baddab706" />
    <UnitTestResult executionId="cb474355-4166-435b-88b3-74c23c274c68" testId="42467ffc-08d7-ac79-054b-ec14fcdd69b6" testName="Agapanthe.Tests.CameraTests.Yaw_Negative90Degrees_RotatesForwardTowardNegativeX" computerName="PC-MAISON" duration="00:00:00.0001115" startTime="2026-07-13T17:25:31.5379537+02:00" endTime="2026-07-13T17:25:31.5380245+02:00" testType="13cdc9d9-ddb5-4fa4-a97d-d965ccfc6d4b" outcome="Passed" testListId="8c84fa94-04c1-424b-9868-57a2d4851a1d" relativeResultsDirectory="cb474355-4166-435b-88b3-74c23c274c68" />
    <UnitTestResult executionId="d9e804b4-8d2c-45b7-9a43-6cd7a6c074ca" testId="ed7bd086-41c0-64c7-bbf5-fad9746ddb45" testName="Agapanthe.Tests.ShaderCompilerTests.Compile_ValidGlsl_ProducesSpirvWordAligned" computerName="PC-MAISON" duration="00:00:00.1662972" startTime="2026-07-13T17:25:33.1781817+02:00" endTime="2026-07-13T17:25:33.3444703+02:00" testType="13cdc9d9-ddb5-4fa4-a97d-d965ccfc6d4b" outcome="Passed" testListId="8c84fa94-04c1-424b-9868-57a2d4851a1d" relativeResultsDirectory="d9e804b4-8d2c-45b7-9a43-6cd7a6c074ca" />
    <UnitTestResult executionId="e034f178-4236-4171-8f89-90593d37afa0" testId="0814a9f0-2295-96b8-ccb0-8b22e810e107" testName="Agapanthe.Tests.PrimitivesTests.Vertex_LayoutHasFiveAttributes" computerName="PC-MAISON" duration="00:00:00.0138541" startTime="2026-07-13T17:25:31.4584506+02:00" endTime="2026-07-13T17:25:31.4730889+02:00" testType="13cdc9d9-ddb5-4fa4-a97d-d965ccfc6d4b" outcome="Passed" testListId="8c84fa94-04c1-424b-9868-57a2d4851a1d" relativeResultsDirectory="e034f178-4236-4171-8f89-90593d37afa0" />
    <UnitTestResult executionId="bbdf6318-63f2-47b7-aec1-0485808e53a5" testId="5f73fd73-8754-d6ba-8d73-fbc55d67d8b0" testName="Agapanthe.Tests.SceneBoundsTests.ComputeWorldBounds_SingleIdentityMesh_FoldsLocalPositions" computerName="PC-MAISON" duration="00:00:00.0005630" startTime="2026-07-13T17:25:31.5604528+02:00" endTime="2026-07-13T17:25:31.5607197+02:00" testType="13cdc9d9-ddb5-4fa4-a97d-d965ccfc6d4b" outcome="Passed" testListId="8c84fa94-04c1-424b-9868-57a2d4851a1d" relativeResultsDirectory="bbdf6318-63f2-47b7-aec1-0485808e53a5" />
    <UnitTestResult executionId="ba591a15-5b11-4daa-9cd3-154a191c2985" testId="d97335ad-c4ed-c8ae-814e-a88d3fa5bdd1" testName="Agapanthe.Tests.GpuAllocatorTests.Allocate_RejectsZeroSize" computerName="PC-MAISON" duration="00:00:00.0027502" startTime="2026-07-13T17:25:31.5791653+02:00" endTime="2026-07-13T17:25:31.5797935+02:00" testType="13cdc9d9-ddb5-4fa4-a97d-d965ccfc6d4b" outcome="Passed" testListId="8c84fa94-04c1-424b-9868-57a2d4851a1d" relativeResultsDirectory="ba591a15-5b11-4daa-9cd3-154a191c2985" />
    <UnitTestResult executionId="ebd969f2-0f5b-4883-985d-f3ed375a8d3e" testId="afa3f5dd-b45a-a233-26ff-c7f622543546" testName="Agapanthe.Tests.GpuAllocatorTests.HostVisibleAllocation_ExposesMappedPointer_DeviceLocalDoesNot" computerName="PC-MAISON" duration="00:00:00.0004158" startTime="2026-07-13T17:25:31.5799649+02:00" endTime="2026-07-13T17:25:31.5803009+02:00" testType="13cdc9d9-ddb5-4fa4-a97d-d965ccfc6d4b" outcome="Passed" testListId="8c84fa94-04c1-424b-9868-57a2d4851a1d" relativeResultsDirectory="ebd969f2-0f5b-4883-985d-f3ed375a8d3e" />
    <UnitTestResult executionId="4ee5ca04-f902-4ab0-a516-51fdab6b4210" testId="701b12e9-bbfa-30ea-dfcf-c684ec6072a9" testName="Agapanthe.Tests.RenderingDataTests.ToSamplerDesc_FilterFromMag_MipFilterFromMin" computerName="PC-MAISON" duration="00:00:00.0030498" startTime="2026-07-13T17:25:31.5606744+02:00" endTime="2026-07-13T17:25:31.5637930+02:00" testType="13cdc9d9-ddb5-4fa4-a97d-d965ccfc6d4b" outcome="Passed" testListId="8c84fa94-04c1-424b-9868-57a2d4851a1d" relativeResultsDirectory="4ee5ca04-f902-4ab0-a516-51fdab6b4210" />
    <UnitTestResult executionId="2373cf44-44e3-4d00-8bc9-ff65b779d9b1" testId="5227eb34-a1bd-b2e8-a312-016286ad3ace" testName="Agapanthe.Tests.WorldSystemsTests.Propagate_DoesNotTouchImportedEntities" computerName="PC-MAISON" duration="00:00:00.0023994" startTime="2026-07-13T17:25:31.6123816+02:00" endTime="2026-07-13T17:25:31.6182813+02:00" testType="13cdc9d9-ddb5-4fa4-a97d-d965ccfc6d4b" outcome="Failed" testListId="8c84fa94-04c1-424b-9868-57a2d4851a1d" relativeResultsDirectory="2373cf44-44e3-4d00-8bc9-ff65b779d9b1">
      <Output>
        <ErrorInfo>
          <Message>Assert.Equal() Failure: Values differ&#xD;
Expected: { {M11:3 M12:0 M13:0 M14:0} {M21:0 M22:3 M23:0 M24:0} {M31:0 M32:0 M33:3 M34:0} {M41:7 M42:8 M43:9 M44:1} }&#xD;
Actual:   { {M11:0 M12:0 M13:0 M14:0} {M21:0 M22:0 M23:0 M24:0} {M31:0 M32:0 M33:0 M34:0} {M41:0 M42:0 M43:0 M44:1} }</Message>
          <StackTrace>   at Agapanthe.Tests.WorldSystemsTests.Propagate_DoesNotTouchImportedEntities() in D:\MyProjects\agapanthe\tests\Agapanthe.Tests\WorldSystemsTests.cs:line 93&#xD;
   at System.Reflection.MethodBaseInvoker.InterpretedInvoke_Method(Object obj, IntPtr* args)&#xD;
   at System.Reflection.MethodBaseInvoker.InvokeWithNoArgs(Object obj, BindingFlags invokeAttr)</StackTrace>
        </ErrorInfo>
      </Output>
    </UnitTestResult>
    <UnitTestResult executionId="ff680e09-8522-4d93-a1c5-342cbee8797e" testId="c4c875c8-f166-5f8c-6e79-19702643a973" testName="Agapanthe.Tests.TangentGeneratorTests.SharedVerticesAcrossOpposedFaces_ProduceNoNaN" computerName="PC-MAISON" duration="00:00:00.0045316" startTime="2026-07-13T17:25:31.5802457+02:00" endTime="2026-07-13T17:25:31.5843981+02:00" testType="13cdc9d9-ddb5-4fa4-a97d-d965ccfc6d4b" outcome="Passed" testListId="8c84fa94-04c1-424b-9868-57a2d4851a1d" relativeResultsDirectory="ff680e09-8522-4d93-a1c5-342cbee8797e" />
    <UnitTestResult executionId="bdcc1284-4c1b-450f-9a78-caff59026fda" testId="359c0cb6-ddab-c002-740b-53f88625c266" testName="Agapanthe.Tests.WorldSystemsTests.AggregateBounds_UnionsEveryEntity" computerName="PC-MAISON" duration="00:00:00.0007759" startTime="2026-07-13T17:25:31.6094946+02:00" endTime="2026-07-13T17:25:31.6099880+02:00" testType="13cdc9d9-ddb5-4fa4-a97d-d965ccfc6d4b" outcome="Passed" testListId="8c84fa94-04c1-424b-9868-57a2d4851a1d" relativeResultsDirectory="bdcc1284-4c1b-450f-9a78-caff59026fda" />
    <UnitTestResult executionId="cdee6cd9-81ed-40d7-ad17-2cf5aed97f71" testId="7cce0ed1-947b-e7a6-b081-3c61624813d1" testName="Agapanthe.Tests.GpuUploaderTests.MipSize_HalvesAndFloorsToOne(width: 8, height: 4, level: 2, expectedW: 2, expectedH: 1)" computerName="PC-MAISON" duration="00:00:00.0000028" startTime="2026-07-13T17:25:31.5588427+02:00" endTime="2026-07-13T17:25:31.5588866+02:00" testType="13cdc9d9-ddb5-4fa4-a97d-d965ccfc6d4b" outcome="Passed" testListId="8c84fa94-04c1-424b-9868-57a2d4851a1d" relativeResultsDirectory="cdee6cd9-81ed-40d7-ad17-2cf5aed97f71" />
    <UnitTestResult executionId="11a1e1da-fa29-4bbb-8841-5eeadfd6026e" testId="cc3f761e-9b19-0dc3-155d-bd0cf910c749" testName="Agapanthe.Tests.TangentGeneratorTests.NonTriangleIndexCount_Throws" computerName="PC-MAISON" duration="00:00:00.0007702" startTime="2026-07-13T17:25:31.5846231+02:00" endTime="2026-07-13T17:25:31.5855928+02:00" testType="13cdc9d9-ddb5-4fa4-a97d-d965ccfc6d4b" outcome="Passed" testListId="8c84fa94-04c1-424b-9868-57a2d4851a1d" relativeResultsDirectory="11a1e1da-fa29-4bbb-8841-5eeadfd6026e" />
    <UnitTestResult executionId="451707bf-b08c-40cd-9abf-5b44715e63ad" testId="033695ba-9746-dffc-4988-7d5448229273" testName="Agapanthe.Tests.GpuUploaderTests.MipSize_HalvesAndFloorsToOne(width: 8, height: 4, level: 1, expectedW: 4, expectedH: 2)" computerName="PC-MAISON" duration="00:00:00.0003926" startTime="2026-07-13T17:25:31.5583280+02:00" endTime="2026-07-13T17:25:31.5584063+02:00" testType="13cdc9d9-ddb5-4fa4-a97d-d965ccfc6d4b" outcome="Passed" testListId="8c84fa94-04c1-424b-9868-57a2d4851a1d" relativeResultsDirectory="451707bf-b08c-40cd-9abf-5b44715e63ad" />
    <UnitTestResult executionId="b3390d0e-c9b2-4d17-965f-30aa94bd13e0" testId="6bae5913-a64e-e358-99aa-0f26ebc1f60e" testName="Agapanthe.Tests.HdrImageLoaderTests.Load_MissingFile_ThrowsAssetExceptionWithPath" computerName="PC-MAISON" duration="00:00:00.0026819" startTime="2026-07-13T17:25:31.5913412+02:00" endTime="2026-07-13T17:25:31.5914006+02:00" testType="13cdc9d9-ddb5-4fa4-a97d-d965ccfc6d4b" outcome="Passed" testListId="8c84fa94-04c1-424b-9868-57a2d4851a1d" relativeResultsDirectory="b3390d0e-c9b2-4d17-965f-30aa94bd13e0" />
    <UnitTestResult executionId="1f5a09e0-1aa8-4751-98cb-c9017d076ce9" testId="6e105c24-466b-3c9a-ba36-e4b570f9bda3" testName="Agapanthe.Tests.FreeListAllocatorTests.FreeingNeighbours_CoalescesIntoSingleHole" computerName="PC-MAISON" duration="00:00:00.0005320" startTime="2026-07-13T17:25:31.5833410+02:00" endTime="2026-07-13T17:25:31.5834118+02:00" testType="13cdc9d9-ddb5-4fa4-a97d-d965ccfc6d4b" outcome="Passed" testListId="8c84fa94-04c1-424b-9868-57a2d4851a1d" relativeResultsDirectory="1f5a09e0-1aa8-4751-98cb-c9017d076ce9" />
    <UnitTestResult executionId="8c7370fb-1ac6-45e9-8d62-aae4ff4a0ccc" testId="a9661e65-d02a-c1c0-aa23-2163f85caf05" testName="Agapanthe.Tests.RenderListTests.Clear_ResetsCountWithoutReleasingCapacity" computerName="PC-MAISON" duration="00:00:00.0012771" startTime="2026-07-13T17:25:31.5564213+02:00" endTime="2026-07-13T17:25:31.5567425+02:00" testType="13cdc9d9-ddb5-4fa4-a97d-d965ccfc6d4b" outcome="Passed" testListId="8c84fa94-04c1-424b-9868-57a2d4851a1d" relativeResultsDirectory="8c7370fb-1ac6-45e9-8d62-aae4ff4a0ccc" />
    <UnitTestResult executionId="37f71e47-c7bc-4170-b19f-24b129d2d74f" testId="3eb90599-cb69-3a2f-cff1-53fa25b54ce9" testName="Agapanthe.Tests.WorldSystemsTests.Propagate_Grandchild_ComposesWholeChain" computerName="PC-MAISON" duration="00:00:00.0011844" startTime="2026-07-13T17:25:31.6268686+02:00" endTime="2026-07-13T17:25:31.6269219+02:00" testType="13cdc9d9-ddb5-4fa4-a97d-d965ccfc6d4b" outcome="Passed" testListId="8c84fa94-04c1-424b-9868-57a2d4851a1d" relativeResultsDirectory="37f71e47-c7bc-4170-b19f-24b129d2d74f" />
    <UnitTestResult executionId="f3963e21-fdd4-4df0-87ad-94efc7f1bb9e" testId="1b5e2f39-59d5-cff3-4531-1d558aa91fcf" testName="Agapanthe.Tests.GltfParserTests.Load_Box_ParsesSchemaCounts" computerName="PC-MAISON" duration="00:00:00.0038801" startTime="2026-07-13T17:25:31.6148377+02:00" endTime="2026-07-13T17:25:31.6151408+02:00" testType="13cdc9d9-ddb5-4fa4-a97d-d965ccfc6d4b" outcome="Passed" testListId="8c84fa94-04c1-424b-9868-57a2d4851a1d" relativeResultsDirectory="f3963e21-fdd4-4df0-87ad-94efc7f1bb9e" />
    <UnitTestResult executionId="682c99de-a925-458d-872b-7f1f06e7072d" testId="1424d203-60ca-ec92-31e4-57250342600f" testName="Agapanthe.Tests.AccessorReaderTests.ReadVec3_NonFloatComponentType_Throws" computerName="PC-MAISON" duration="00:00:00.0006694" startTime="2026-07-13T17:25:31.6064558+02:00" endTime="2026-07-13T17:25:31.6065060+02:00" testType="13cdc9d9-ddb5-4fa4-a97d-d965ccfc6d4b" outcome="Passed" testListId="8c84fa94-04c1-424b-9868-57a2d4851a1d" relativeResultsDirectory="682c99de-a925-458d-872b-7f1f06e7072d" />
    <UnitTestResult executionId="30a29923-7608-451a-a520-47d1c9adf991" testId="93c21045-2014-940c-d046-46e43d25a533" testName="Agapanthe.Tests.GpuUploaderTests.MipSize_HalvesAndFloorsToOne(width: 8, height: 4, level: 3, expectedW: 1, expectedH: 1)" computerName="PC-MAISON" duration="00:00:00.0000028" startTime="2026-07-13T17:25:31.5589719+02:00" endTime="2026-07-13T17:25:31.5590193+02:00" testType="13cdc9d9-ddb5-4fa4-a97d-d965ccfc6d4b" outcome="Passed" testListId="8c84fa94-04c1-424b-9868-57a2d4851a1d" relativeResultsDirectory="30a29923-7608-451a-a520-47d1c9adf991" />
    <UnitTestResult executionId="31e06ec1-ea57-41b1-adc0-2ca5f1b32630" testId="c215d406-87c0-441c-11cd-da7b2c2e542e" testName="Agapanthe.Tests.WorldSystemsTests.AggregateBounds_NoEntities_ReturnsEmpty" computerName="PC-MAISON" duration="00:00:00.0002134" startTime="2026-07-13T17:25:31.6122414+02:00" endTime="2026-07-13T17:25:31.6122824+02:00" testType="13cdc9d9-ddb5-4fa4-a97d-d965ccfc6d4b" outcome="Passed" testListId="8c84fa94-04c1-424b-9868-57a2d4851a1d" relativeResultsDirectory="31e06ec1-ea57-41b1-adc0-2ca5f1b32630" />
    <UnitTestResult executionId="71c24ad7-ad8c-43cd-b583-c5eaa55f86ed" testId="411cf9ba-3c75-be13-a89f-fdb1212755d1" testName="Agapanthe.Tests.WorldSystemsTests.Propagate_Root_UsesItsOwnLocalTransform" computerName="PC-MAISON" duration="00:00:00.0010742" startTime="2026-07-13T17:25:31.6102599+02:00" endTime="2026-07-13T17:25:31.6104683+02:00" testType="13cdc9d9-ddb5-4fa4-a97d-d965ccfc6d4b" outcome="Passed" testListId="8c84fa94-04c1-424b-9868-57a2d4851a1d" relativeResultsDirectory="71c24ad7-ad8c-43cd-b583-c5eaa55f86ed" />
    <UnitTestResult executionId="9b1fad04-2874-4149-8c97-631bd611bad5" testId="cbb3a868-445a-986e-dd6b-ba198bd459fe" testName="Agapanthe.Tests.ImageLoaderTests.Load_RoundTripsIsSrgbFlag(isSrgb: False)" computerName="PC-MAISON" duration="00:00:00.0129363" startTime="2026-07-13T17:25:31.5966020+02:00" endTime="2026-07-13T17:25:31.5973953+02:00" testType="13cdc9d9-ddb5-4fa4-a97d-d965ccfc6d4b" outcome="Passed" testListId="8c84fa94-04c1-424b-9868-57a2d4851a1d" relativeResultsDirectory="9b1fad04-2874-4149-8c97-631bd611bad5" />
    <UnitTestResult executionId="346cc10a-ed9e-4b3d-9efb-a8cfd6cde497" testId="23761ec1-3544-f975-13c6-74921c768984" testName="Agapanthe.Tests.HdrImageLoaderTests.LoadFromBytes_HonorsSpanSlice" computerName="PC-MAISON" duration="00:00:00.0503296" startTime="2026-07-13T17:25:31.6919602+02:00" endTime="2026-07-13T17:25:31.7410533+02:00" testType="13cdc9d9-ddb5-4fa4-a97d-d965ccfc6d4b" outcome="Passed" testListId="8c84fa94-04c1-424b-9868-57a2d4851a1d" relativeResultsDirectory="346cc10a-ed9e-4b3d-9efb-a8cfd6cde497" />
    <UnitTestResult executionId="f9e1fb7d-bbbd-42e0-867c-0f3b232ad0e1" testId="71ec68b6-c6fb-f0b7-6649-ea41a8be9efd" testName="Agapanthe.Tests.RenderingDataTests.ToSamplerDesc_DefaultSettings_LinearRepeat" computerName="PC-MAISON" duration="00:00:00.0006966" startTime="2026-07-13T17:25:31.5696193+02:00" endTime="2026-07-13T17:25:31.5698945+02:00" testType="13cdc9d9-ddb5-4fa4-a97d-d965ccfc6d4b" outcome="Passed" testListId="8c84fa94-04c1-424b-9868-57a2d4851a1d" relativeResultsDirectory="f9e1fb7d-bbbd-42e0-867c-0f3b232ad0e1" />
    <UnitTestResult executionId="dda18c1d-59a0-49c7-b70f-c5728970dc39" testId="770962fa-384c-3ae1-2c3c-667675b278e1" testName="Agapanthe.Tests.GpuUploaderTests.PackOffsetAndType_RoundTrips(offset: 1099511627775, memoryTypeIndex: 16777215)" computerName="PC-MAISON" duration="00:00:00.0024714" startTime="2026-07-13T17:25:31.5593058+02:00" endTime="2026-07-13T17:25:31.5609078+02:00" testType="13cdc9d9-ddb5-4fa4-a97d-d965ccfc6d4b" outcome="Passed" testListId="8c84fa94-04c1-424b-9868-57a2d4851a1d" relativeResultsDirectory="dda18c1d-59a0-49c7-b70f-c5728970dc39" />
    <UnitTestResult executionId="b5115e80-0e87-43f3-a815-17177952d931" testId="058e7c91-6c0b-fdc0-5439-ad6369490224" testName="Agapanthe.Tests.FreeListAllocatorTests.Allocate_RejectsNonPowerOfTwoAlignment(alignment: 100)" computerName="PC-MAISON" duration="00:00:00.0000118" startTime="2026-07-13T17:25:31.5526146+02:00" endTime="2026-07-13T17:25:31.5526607+02:00" testType="13cdc9d9-ddb5-4fa4-a97d-d965ccfc6d4b" outcome="Passed" testListId="8c84fa94-04c1-424b-9868-57a2d4851a1d" relativeResultsDirectory="b5115e80-0e87-43f3-a815-17177952d931" />
    <UnitTestResult executionId="c9bf4b33-cbbf-495d-8b0d-758ac2cb3e55" testId="1d4661cc-c6e2-1156-2f70-fb49ee67aaf8" testName="Agapanthe.Tests.GpuUploaderTests.MipSize_HalvesAndFloorsToOne(width: 256, height: 256, level: 1, expectedW: 128, expectedH: 128)" computerName="PC-MAISON" duration="00:00:00.0000028" startTime="2026-07-13T17:25:31.5587087+02:00" endTime="2026-07-13T17:25:31.5587557+02:00" testType="13cdc9d9-ddb5-4fa4-a97d-d965ccfc6d4b" outcome="Passed" testListId="8c84fa94-04c1-424b-9868-57a2d4851a1d" relativeResultsDirectory="c9bf4b33-cbbf-495d-8b0d-758ac2cb3e55" />
    <UnitTestResult executionId="f59305ce-fd6c-4456-9842-2bd99835a9b7" testId="410ce687-5093-40e7-413c-c6696b94ca26" testName="Agapanthe.Tests.FreeListAllocatorTests.Allocate_RejectsNonPowerOfTwoAlignment(alignment: 0)" computerName="PC-MAISON" duration="00:00:00.0048357" startTime="2026-07-13T17:25:31.5506252+02:00" endTime="2026-07-13T17:25:31.5514753+02:00" testType="13cdc9d9-ddb5-4fa4-a97d-d965ccfc6d4b" outcome="Passed" testListId="8c84fa94-04c1-424b-9868-57a2d4851a1d" relativeResultsDirectory="f59305ce-fd6c-4456-9842-2bd99835a9b7" />
    <UnitTestResult executionId="c00d5ccf-95fe-4377-aea1-c15d1100fd16" testId="d7a601e0-1904-ba5c-284d-a63a4613b0f8" testName="Agapanthe.Tests.ShaderIncludeResolverTests.PathComparer_DedupsSourceFiles_ConsistentlyWithTheFileToPassMapping" computerName="PC-MAISON" duration="00:00:00.0012373" startTime="2026-07-13T17:25:31.6053278+02:00" endTime="2026-07-13T17:25:31.6054170+02:00" testType="13cdc9d9-ddb5-4fa4-a97d-d965ccfc6d4b" outcome="Passed" testListId="8c84fa94-04c1-424b-9868-57a2d4851a1d" relativeResultsDirectory="c00d5ccf-95fe-4377-aea1-c15d1100fd16" />
    <UnitTestResult executionId="ddf4db16-0392-4b44-80d5-a2a95ef30857" testId="fe7766b4-a884-0d5c-006d-a1104f090456" testName="Agapanthe.Tests.ShaderIncludeResolverTests.PathComparer_IsCaseSensitive_ExactlyWhenTheFilesystemIs" computerName="PC-MAISON" duration="00:00:00.0022184" startTime="2026-07-13T17:25:31.6030502+02:00" endTime="2026-07-13T17:25:31.6031153+02:00" testType="13cdc9d9-ddb5-4fa4-a97d-d965ccfc6d4b" outcome="Passed" testListId="8c84fa94-04c1-424b-9868-57a2d4851a1d" relativeResultsDirectory="ddf4db16-0392-4b44-80d5-a2a95ef30857" />
    <UnitTestResult executionId="35608b3d-5469-47ca-859e-9cfb98cf0a20" testId="0595ce9e-f1b5-9c52-568b-be929782c3ce" testName="Agapanthe.Tests.Double3Tests.ToVector3_AtOrigin_ReNarrowsWidenedFloatBitExact(f: 0.100000001)" computerName="PC-MAISON" duration="00:00:00.0078291" startTime="2026-07-13T17:25:31.5074577+02:00" endTime="2026-07-13T17:25:31.5075295+02:00" testType="13cdc9d9-ddb5-4fa4-a97d-d965ccfc6d4b" outcome="Passed" testListId="8c84fa94-04c1-424b-9868-57a2d4851a1d" relativeResultsDirectory="35608b3d-5469-47ca-859e-9cfb98cf0a20" />
    <UnitTestResult executionId="32648d14-6a24-48b3-9006-d636b3226d46" testId="9b679936-971f-8b24-28f3-f8ceb2ca2aa8" testName="Agapanthe.Tests.FreeListAllocatorTests.Dispose_ReleasesAllBlocks" computerName="PC-MAISON" duration="00:00:00.0032044" startTime="2026-07-13T17:25:31.5795894+02:00" endTime="2026-07-13T17:25:31.5822023+02:00" testType="13cdc9d9-ddb5-4fa4-a97d-d965ccfc6d4b" outcome="Passed" testListId="8c84fa94-04c1-424b-9868-57a2d4851a1d" relativeResultsDirectory="32648d14-6a24-48b3-9006-d636b3226d46" />
    <UnitTestResult executionId="70b5b08e-7818-43ff-8640-6c52ac52aa74" testId="d8a004d2-47d6-2437-8e5c-9fbe08fc2b35" testName="Agapanthe.Tests.ResourceTrackerTests.MissingUnregister_ReportsLeak" computerName="PC-MAISON" duration="00:00:00.0008441" startTime="2026-07-13T17:25:34.1344543+02:00" endTime="2026-07-13T17:25:34.1353153+02:00" testType="13cdc9d9-ddb5-4fa4-a97d-d965ccfc6d4b" outcome="Passed" testListId="8c84fa94-04c1-424b-9868-57a2d4851a1d" relativeResultsDirectory="70b5b08e-7818-43ff-8640-6c52ac52aa74" />
    <UnitTestResult executionId="e75e61ec-7771-478c-82b9-45754da8d956" testId="a5c70e68-1316-9c80-939e-89c3b3853a01" testName="Agapanthe.Tests.PrimitivesTests.Vertex_LayoutStride_MatchesStructSize" computerName="PC-MAISON" duration="00:00:00.0027463" startTime="2026-07-13T17:25:31.5344509+02:00" endTime="2026-07-13T17:25:31.5350451+02:00" testType="13cdc9d9-ddb5-4fa4-a97d-d965ccfc6d4b" outcome="Passed" testListId="8c84fa94-04c1-424b-9868-57a2d4851a1d" relativeResultsDirectory="e75e61ec-7771-478c-82b9-45754da8d956" />
    <UnitTestResult executionId="a893e4a1-bcea-4342-9fa4-73a9d112f1fb" testId="5b2a6c4b-cbfa-03b8-572a-a86cfed58250" testName="Agapanthe.Tests.ShaderHotReloaderTests.NotifyChanged_flags_and_drains_the_normalized_path_once_settled" computerName="PC-MAISON" duration="00:00:00.0046914" startTime="2026-07-13T17:25:31.5534928+02:00" endTime="2026-07-13T17:25:31.5569021+02:00" testType="13cdc9d9-ddb5-4fa4-a97d-d965ccfc6d4b" outcome="Passed" testListId="8c84fa94-04c1-424b-9868-57a2d4851a1d" relativeResultsDirectory="a893e4a1-bcea-4342-9fa4-73a9d112f1fb" />
    <UnitTestResult executionId="91c39c10-4dbc-45b7-a0c5-7d722df53fc6" testId="b293711c-440a-fee1-8ba5-d7ff331fdf08" testName="Agapanthe.Tests.GpuAllocatorTests.Allocate_RecordsRequestedDomain_AndReturnsRequestedSize" computerName="PC-MAISON" duration="00:00:00.0054504" startTime="2026-07-13T17:25:31.5837733+02:00" endTime="2026-07-13T17:25:31.5862528+02:00" testType="13cdc9d9-ddb5-4fa4-a97d-d965ccfc6d4b" outcome="Passed" testListId="8c84fa94-04c1-424b-9868-57a2d4851a1d" relativeResultsDirectory="91c39c10-4dbc-45b7-a0c5-7d722df53fc6" />
    <UnitTestResult executionId="04c4a675-faef-412f-b7d2-061c3cf068f7" testId="b8bdd1d0-6f0b-f3f0-eb3d-cc456b82ecb7" testName="Agapanthe.Tests.GltfLoaderTests.BoxTextured_DecodesBaseColorImageAsSrgb" computerName="PC-MAISON" duration="00:00:00.0021251" startTime="2026-07-13T17:25:32.4551676+02:00" endTime="2026-07-13T17:25:32.4571214+02:00" testType="13cdc9d9-ddb5-4fa4-a97d-d965ccfc6d4b" outcome="Passed" testListId="8c84fa94-04c1-424b-9868-57a2d4851a1d" relativeResultsDirectory="04c4a675-faef-412f-b7d2-061c3cf068f7" />
    <UnitTestResult executionId="6d00f766-67d8-495d-997e-278a08e865be" testId="0f9de9d0-bd7c-d2ed-6425-aa144e0f5dbd" testName="Agapanthe.Tests.FreeListAllocatorTests.FreedRegion_IsReusedByLaterAllocation" computerName="PC-MAISON" duration="00:00:00.0290500" startTime="2026-07-13T17:25:31.4507285+02:00" endTime="2026-07-13T17:25:31.5236284+02:00" testType="13cdc9d9-ddb5-4fa4-a97d-d965ccfc6d4b" outcome="Passed" testListId="8c84fa94-04c1-424b-9868-57a2d4851a1d" relativeResultsDirectory="6d00f766-67d8-495d-997e-278a08e865be" />
    <UnitTestResult executionId="18d19a11-4f7b-4399-943e-87ec7ef9dfc9" testId="a09568e8-c9eb-9da2-785d-2399de563334" testName="Agapanthe.Tests.GltfParserTests.Load_Box_ResolvesRelativeBinBuffer" computerName="PC-MAISON" duration="00:00:00.0007316" startTime="2026-07-13T17:25:31.6129663+02:00" endTime="2026-07-13T17:25:31.6130098+02:00" testType="13cdc9d9-ddb5-4fa4-a97d-d965ccfc6d4b" outcome="Passed" testListId="8c84fa94-04c1-424b-9868-57a2d4851a1d" relativeResultsDirectory="18d19a11-4f7b-4399-943e-87ec7ef9dfc9" />
    <UnitTestResult executionId="8a5e2e98-8563-45e0-bde0-52d2b9e61a3c" testId="0fb0a570-f444-55b0-5c5d-b53c7282ab2c" testName="Agapanthe.Tests.MathHelpersTests.OrthographicVulkan_PointOnFarPlane_MapsToDepthOne" computerName="PC-MAISON" duration="00:00:00.0006074" startTime="2026-07-13T17:25:31.5314041+02:00" endTime="2026-07-13T17:25:31.5314712+02:00" testType="13cdc9d9-ddb5-4fa4-a97d-d965ccfc6d4b" outcome="Passed" testListId="8c84fa94-04c1-424b-9868-57a2d4851a1d" relativeResultsDirectory="8a5e2e98-8563-45e0-bde0-52d2b9e61a3c" />
    <UnitTestResult executionId="4ead274f-1b08-48fc-a6de-3accca50ae7d" testId="ead8d826-1855-504a-a458-402cd585c4a9" testName="Agapanthe.Tests.PrimitivesTests.Cube_AllIndicesInRange" computerName="PC-MAISON" duration="00:00:00.0100189" startTime="2026-07-13T17:25:31.5374674+02:00" endTime="2026-07-13T17:25:31.5550572+02:00" testType="13cdc9d9-ddb5-4fa4-a97d-d965ccfc6d4b" outcome="Passed" testListId="8c84fa94-04c1-424b-9868-57a2d4851a1d" relativeResultsDirectory="4ead274f-1b08-48fc-a6de-3accca50ae7d" />
    <UnitTestResult executionId="dc3c9a34-f9e0-477e-9807-1843795012b0" testId="0b22a5de-bd28-78b4-262e-b996e672dc78" testName="Agapanthe.Tests.HdrImageLoaderTests.LoadFromBytes_MatchesLoad_ForSameBytes" computerName="PC-MAISON" duration="00:00:00.1442843" startTime="2026-07-13T17:25:31.5939640+02:00" endTime="2026-07-13T17:25:31.6312399+02:00" testType="13cdc9d9-ddb5-4fa4-a97d-d965ccfc6d4b" outcome="Passed" testListId="8c84fa94-04c1-424b-9868-57a2d4851a1d" relativeResultsDirectory="dc3c9a34-f9e0-477e-9807-1843795012b0" />
    <UnitTestResult executionId="c59a8714-1eaa-4130-86e6-bb2a3f34bdce" testId="5761a53c-3b09-c52c-d85b-0183ca6fc5fe" testName="Agapanthe.Tests.GltfParserTests.Load_DataUriBase64Buffer_Decodes" computerName="PC-MAISON" duration="00:00:00.0015518" startTime="2026-07-13T17:25:31.6152828+02:00" endTime="2026-07-13T17:25:31.6164440+02:00" testType="13cdc9d9-ddb5-4fa4-a97d-d965ccfc6d4b" outcome="Passed" testListId="8c84fa94-04c1-424b-9868-57a2d4851a1d" relativeResultsDirectory="c59a8714-1eaa-4130-86e6-bb2a3f34bdce" />
    <UnitTestResult executionId="3b7d4153-f3d6-4475-a5a7-99aac08762c2" testId="ff60341d-856a-d52a-6bbd-d33afc4d445d" testName="Agapanthe.Tests.ShaderIncludeResolverTests.Resolve_EditingIncludeContent_ChangesResolvedSource" computerName="PC-MAISON" duration="00:00:00.0225935" startTime="2026-07-13T17:25:31.5691775+02:00" endTime="2026-07-13T17:25:31.5893750+02:00" testType="13cdc9d9-ddb5-4fa4-a97d-d965ccfc6d4b" outcome="Passed" testListId="8c84fa94-04c1-424b-9868-57a2d4851a1d" relativeResultsDirectory="3b7d4153-f3d6-4475-a5a7-99aac08762c2" />
    <UnitTestResult executionId="097677f9-7020-4ae3-a7bf-427224ef68dc" testId="514d0305-7b51-91c4-7401-eea9bc6bf5d4" testName="Agapanthe.Tests.MathHelpersTests.PerspectiveVulkan_ViewSpaceRight_MapsToPositiveClipX" computerName="PC-MAISON" duration="00:00:00.0001319" startTime="2026-07-13T17:25:31.5240073+02:00" endTime="2026-07-13T17:25:31.5240552+02:00" testType="13cdc9d9-ddb5-4fa4-a97d-d965ccfc6d4b" outcome="Passed" testListId="8c84fa94-04c1-424b-9868-57a2d4851a1d" relativeResultsDirectory="097677f9-7020-4ae3-a7bf-427224ef68dc" />
    <UnitTestResult executionId="e6969f41-0ed7-447f-bcaa-bf1905d0f890" testId="f8139eaa-b0ab-65af-dee0-69e09d61ba31" testName="Agapanthe.Tests.ImageLoaderTests.Load_DecodesFixtureToRgba8_WithExpectedDimensions" computerName="PC-MAISON" duration="00:00:00.0017332" startTime="2026-07-13T17:25:31.6024172+02:00" endTime="2026-07-13T17:25:31.6024811+02:00" testType="13cdc9d9-ddb5-4fa4-a97d-d965ccfc6d4b" outcome="Passed" testListId="8c84fa94-04c1-424b-9868-57a2d4851a1d" relativeResultsDirectory="e6969f41-0ed7-447f-bcaa-bf1905d0f890" />
    <UnitTestResult executionId="0e74d1c5-87d8-4997-8b7f-0e0991742953" testId="3338f5df-cc07-b7d9-7ee0-9de65f6f631c" testName="Agapanthe.Tests.GltfParserTests.Load_UnsupportedRequiredExtension_Throws" computerName="PC-MAISON" duration="00:00:00.0005086" startTime="2026-07-13T17:25:31.6139376+02:00" endTime="2026-07-13T17:25:31.6139950+02:00" testType="13cdc9d9-ddb5-4fa4-a97d-d965ccfc6d4b" outcome="Passed" testListId="8c84fa94-04c1-424b-9868-57a2d4851a1d" relativeResultsDirectory="0e74d1c5-87d8-4997-8b7f-0e0991742953" />
    <UnitTestResult executionId="91a82b06-df9e-4bb4-a7f2-1bee6c08096f" testId="8ec3d64a-0174-49a0-8a82-af481806d03f" testName="Agapanthe.Tests.CameraTests.ViewMatrix_DefaultOrientation_ProjectsWorldOriginToNegativeViewZ" computerName="PC-MAISON" duration="00:00:00.0007906" startTime="2026-07-13T17:25:31.5368455+02:00" endTime="2026-07-13T17:25:31.5376679+02:00" testType="13cdc9d9-ddb5-4fa4-a97d-d965ccfc6d4b" outcome="Passed" testListId="8c84fa94-04c1-424b-9868-57a2d4851a1d" relativeResultsDirectory="91a82b06-df9e-4bb4-a7f2-1bee6c08096f" />
[...]
    <TestEntry testId="a30d7f74-9d0d-00c3-ffcc-57c04976a8a0" executionId="ecbc022d-6b55-426d-88b8-f12a2d8e33f7" testListId="8c84fa94-04c1-424b-9868-57a2d4851a1d" />
    <TestEntry testId="0ea5f59f-72e7-a6e0-26c7-9cf43582dbd3" executionId="f35de702-9037-4036-b92a-8a51911c6e94" testListId="8c84fa94-04c1-424b-9868-57a2d4851a1d" />
    <TestEntry testId="3819b095-8e10-530c-c2c0-901d762deec1" executionId="ba8e4847-75bc-4b77-9554-22b0bb08d066" testListId="8c84fa94-04c1-424b-9868-57a2d4851a1d" />
    <TestEntry testId="451433dd-d6d6-537e-3796-c10c1b54afd2" executionId="8aa5263f-8f8c-4a15-90d1-4f3148cfa392" testListId="8c84fa94-04c1-424b-9868-57a2d4851a1d" />
    <TestEntry testId="e7225dff-9473-8ba2-cf31-f49eafa16b76" executionId="a7a8aabe-e81b-4632-9d69-78610f2b786f" testListId="8c84fa94-04c1-424b-9868-57a2d4851a1d" />
    <TestEntry testId="48d8c3e7-f6dd-24a1-97af-d57995965103" executionId="b216e1f4-9fd3-4fee-b373-ee80682fa750" testListId="8c84fa94-04c1-424b-9868-57a2d4851a1d" />
    <TestEntry testId="11247560-bafb-c0db-063b-c0062685a9fd" executionId="28df7680-1fc8-4d62-bba5-c8c018853840" testListId="8c84fa94-04c1-424b-9868-57a2d4851a1d" />
    <TestEntry testId="b0c18d35-8b45-b815-d43c-70c7d3b373b8" executionId="80daab9a-7c0b-4d9d-a7da-019efe4bc7df" testListId="8c84fa94-04c1-424b-9868-57a2d4851a1d" />
    <TestEntry testId="3eb24184-29bc-c36c-bb66-561134a07f15" executionId="e867b6d7-ca7e-44f0-973e-6abebcb7a74e" testListId="8c84fa94-04c1-424b-9868-57a2d4851a1d" />
    <TestEntry testId="6f3e91dc-ca99-fa04-7b9f-f88a54e580fa" executionId="a0411060-d041-4ca2-991c-66174c3172da" testListId="8c84fa94-04c1-424b-9868-57a2d4851a1d" />
    <TestEntry testId="37f942ba-9708-7d18-2a39-82af36ae5b17" executionId="42bb703b-27eb-4837-9bf7-5c84952505fb" testListId="8c84fa94-04c1-424b-9868-57a2d4851a1d" />
    <TestEntry testId="92326015-b909-35fc-2818-cb8ecc9588df" executionId="09eadf9f-c459-4672-9403-8599b4e2ca0f" testListId="8c84fa94-04c1-424b-9868-57a2d4851a1d" />
    <TestEntry testId="0f26e01a-504a-bf2b-259b-bd21e6e4fdbf" executionId="e5bca08a-3049-4aa0-a722-a24917ed4cfa" testListId="8c84fa94-04c1-424b-9868-57a2d4851a1d" />
    <TestEntry testId="ebb3fad3-9dbc-a2de-83b9-aac4c5f7af50" executionId="4c1223e0-eb70-4bd5-9689-21da67b476c2" testListId="8c84fa94-04c1-424b-9868-57a2d4851a1d" />
    <TestEntry testId="5eb833ac-34f2-ec3a-876d-e0cf546cc226" executionId="8f1e4c18-b160-4642-8020-9bdd5e6a0e70" testListId="8c84fa94-04c1-424b-9868-57a2d4851a1d" />
    <TestEntry testId="dfa344ca-60c4-3207-25f5-a37667908b17" executionId="8f86e68a-1048-417a-a35f-b9f23c51017b" testListId="8c84fa94-04c1-424b-9868-57a2d4851a1d" />
    <TestEntry testId="cfb99c22-6d40-39eb-ea23-42a92cb5b798" executionId="6acf37b8-44a2-45a8-881d-9a9550b4b5fd" testListId="8c84fa94-04c1-424b-9868-57a2d4851a1d" />
    <TestEntry testId="7e2c4ad2-462a-a018-9b17-daf7d23f7b84" executionId="91c729a3-c49f-4748-bf20-282d4ed6bc4e" testListId="8c84fa94-04c1-424b-9868-57a2d4851a1d" />
    <TestEntry testId="c988196b-79e8-370a-14e9-c22d4ce99a76" executionId="d2359cbc-dfcb-4159-a2f8-594c3e09b949" testListId="8c84fa94-04c1-424b-9868-57a2d4851a1d" />
    <TestEntry testId="05937ce4-c769-5b71-9d5a-dfe2e2bf48f5" executionId="de1b2e6d-6b64-4331-abbc-f85849301d39" testListId="8c84fa94-04c1-424b-9868-57a2d4851a1d" />
    <TestEntry testId="7d231008-bfa3-2e1d-e651-b6c85cd62d03" executionId="a31262b0-31f5-4ac4-9be5-6a02e65ae63d" testListId="8c84fa94-04c1-424b-9868-57a2d4851a1d" />
    <TestEntry testId="4d0fb524-e606-ce73-49d2-3ae33bcdf2be" executionId="5a53f55e-629e-4199-8f85-70908959e2d6" testListId="8c84fa94-04c1-424b-9868-57a2d4851a1d" />
    <TestEntry testId="60b1af59-7e58-d737-c099-79c5e4603bd3" executionId="30d01ea6-c1ad-4b04-ba22-f2ad13cbebe6" testListId="8c84fa94-04c1-424b-9868-57a2d4851a1d" />
    <TestEntry testId="30913dfe-ec2a-8e48-c8d6-94d7de85a631" executionId="50a7f09c-d9e3-4e53-9029-6522c46d9a3e" testListId="8c84fa94-04c1-424b-9868-57a2d4851a1d" />
    <TestEntry testId="0bf75adf-379b-2fab-4836-6fc69281bb70" executionId="937efbc9-5e90-4300-b714-9821b7c83cd8" testListId="8c84fa94-04c1-424b-9868-57a2d4851a1d" />
    <TestEntry testId="6a146d10-7f16-78bb-bad2-f7b19991d768" executionId="9466a27a-c77a-491a-ae4e-39aac29d25f0" testListId="8c84fa94-04c1-424b-9868-57a2d4851a1d" />
    <TestEntry testId="0e7ef13e-a6f2-2530-0476-8ace5e5607e1" executionId="4746a9dc-02b6-48db-995d-08a93d777398" testListId="8c84fa94-04c1-424b-9868-57a2d4851a1d" />
    <TestEntry testId="72bd3943-8639-f546-2ab6-d5ec5871a958" executionId="20bf4e5a-9a11-4c8b-9e0b-808d026e4da5" testListId="8c84fa94-04c1-424b-9868-57a2d4851a1d" />
    <TestEntry testId="0ddcf3ad-149d-6256-6a54-ac268b6029cc" executionId="72dd9169-dbca-481a-bf93-5b8f8e1d0b49" testListId="8c84fa94-04c1-424b-9868-57a2d4851a1d" />
    <TestEntry testId="35130314-ce12-09d7-16d6-7b1b5111b08c" executionId="ed0d3f9a-01b6-4879-a136-adaee877bc6e" testListId="8c84fa94-04c1-424b-9868-57a2d4851a1d" />
    <TestEntry testId="2a2337e5-435c-d712-ba41-3c352d9ef7ef" executionId="6a9c0107-4915-4b52-a601-c3bef981fa49" testListId="8c84fa94-04c1-424b-9868-57a2d4851a1d" />
    <TestEntry testId="0be039a4-a1c3-1d2e-09d1-d8e763ec332c" executionId="8180ebaa-9b1b-4818-9a5d-3d1941d4ff8c" testListId="8c84fa94-04c1-424b-9868-57a2d4851a1d" />
    <TestEntry testId="e834072d-ea88-b45a-128d-6d96d3fe90c2" executionId="4cb53e9f-9706-4403-986f-0a5ebc896666" testListId="8c84fa94-04c1-424b-9868-57a2d4851a1d" />
    <TestEntry testId="17d6ec23-8f5d-19a7-fbbc-2902ca3d7fe6" executionId="4688fe89-4f5e-4bf9-86f3-70b788e2c6cc" testListId="8c84fa94-04c1-424b-9868-57a2d4851a1d" />
    <TestEntry testId="9f940876-206d-5432-6ff0-9166b7ebfa2d" executionId="e5c85abe-1eec-4f06-89c7-e843cee32319" testListId="8c84fa94-04c1-424b-9868-57a2d4851a1d" />
    <TestEntry testId="b5e39cae-66f5-19c9-42c9-d80177414011" executionId="ac74e3b2-11a9-45ae-90f3-86cbd6d81f2f" testListId="8c84fa94-04c1-424b-9868-57a2d4851a1d" />
    <TestEntry testId="52b8235e-aa1f-373a-396e-3df1438654c1" executionId="91157d1f-7b56-454f-a753-edd01415542e" testListId="8c84fa94-04c1-424b-9868-57a2d4851a1d" />
    <TestEntry testId="71f30ba7-52bd-b2ab-e2f9-9be7d58d4813" executionId="89ddc35b-1095-43bf-beb7-1e793c621d77" testListId="8c84fa94-04c1-424b-9868-57a2d4851a1d" />
    <TestEntry testId="73cf16ec-dc74-5d20-5fb3-344273a9a6b7" executionId="a5a1e903-1a07-4e8b-8113-e0982543c4dc" testListId="8c84fa94-04c1-424b-9868-57a2d4851a1d" />
    <TestEntry testId="f44d26c8-9ae6-db8b-30df-7b03320d4536" executionId="98d9a788-ab89-43b0-90ab-c0050a85a7f4" testListId="8c84fa94-04c1-424b-9868-57a2d4851a1d" />
    <TestEntry testId="66f1c659-ac99-bfc1-8dd4-6605469e329d" executionId="20f1c695-72e9-4156-a244-61331c5f7bae" testListId="8c84fa94-04c1-424b-9868-57a2d4851a1d" />
    <TestEntry testId="bded4d71-6c9e-9e0d-0176-28532fa5b03b" executionId="d346fe1d-98a1-40d5-a781-e8ae83789d12" testListId="8c84fa94-04c1-424b-9868-57a2d4851a1d" />
    <TestEntry testId="aa209596-01ab-9bb3-cf31-6d6e48950bd7" executionId="f802cfbe-4b68-4038-a599-694f61cc724d" testListId="8c84fa94-04c1-424b-9868-57a2d4851a1d" />
    <TestEntry testId="80b53cb3-0c1b-4377-d159-de42b530670c" executionId="31dac472-b36a-4044-bc0c-702882cd6b0c" testListId="8c84fa94-04c1-424b-9868-57a2d4851a1d" />
    <TestEntry testId="590f05e7-78dd-2379-a844-093f8ba87a41" executionId="0cdc0b58-43ba-4360-ba02-00bea8af34fc" testListId="8c84fa94-04c1-424b-9868-57a2d4851a1d" />
    <TestEntry testId="770bd1a2-206b-0973-5e7e-c7f4005daaeb" executionId="26899aee-25a7-43a3-a190-f01789330d58" testListId="8c84fa94-04c1-424b-9868-57a2d4851a1d" />
    <TestEntry testId="6ed9776d-b224-b110-15d1-32166f688035" executionId="0c8dc6b5-c3f8-4e89-b445-bdd1acd4d239" testListId="8c84fa94-04c1-424b-9868-57a2d4851a1d" />
    <TestEntry testId="c7b58488-96fb-a0ab-62db-4cf440629150" executionId="c8fe9da5-3035-485c-b2b6-8f804ca8fed3" testListId="8c84fa94-04c1-424b-9868-57a2d4851a1d" />
    <TestEntry testId="5f963e0c-9b42-ad4c-7319-84db567bf5d8" executionId="4cbd029f-a28b-4096-9907-bd3d0bdf6a2a" testListId="8c84fa94-04c1-424b-9868-57a2d4851a1d" />
    <TestEntry testId="639b9864-911b-1094-7396-147892f18f15" executionId="ced1d8b2-a0af-4e78-85bd-68292ac013b0" testListId="8c84fa94-04c1-424b-9868-57a2d4851a1d" />
    <TestEntry testId="124fc3b1-e707-7039-05b5-dbc3df06fc68" executionId="bac4436e-adcb-4136-840b-a59698549b40" testListId="8c84fa94-04c1-424b-9868-57a2d4851a1d" />
    <TestEntry testId="0cb9892e-8e57-4838-d59e-95e39991986b" executionId="b1a31f23-6fd4-43bd-b90e-c992bf356323" testListId="8c84fa94-04c1-424b-9868-57a2d4851a1d" />
    <TestEntry testId="69476a29-a73f-ce95-2ef0-f27740c1b071" executionId="6257270f-c909-405b-9994-84b896104b3e" testListId="8c84fa94-04c1-424b-9868-57a2d4851a1d" />
    <TestEntry testId="ce9cb2bf-1777-9e40-21bf-e4e738efa9dd" executionId="af2882bc-ab73-427d-b1b9-b21ccd0d5628" testListId="8c84fa94-04c1-424b-9868-57a2d4851a1d" />
    <TestEntry testId="cd03ea1a-0a04-f11b-aab3-cf8c94d6944d" executionId="47c225b1-a3a1-41e8-9fb7-476b9f1bc3ae" testListId="8c84fa94-04c1-424b-9868-57a2d4851a1d" />
    <TestEntry testId="8cdc7629-d327-a7c7-83f5-8f5ad7ab64e0" executionId="09620841-7062-4df8-9af3-945c15fc4793" testListId="8c84fa94-04c1-424b-9868-57a2d4851a1d" />
    <TestEntry testId="0113a6e3-e9cc-8b8c-3548-1030a9acc91d" executionId="93804f9d-ebc4-4fdf-a937-60677304bfa2" testListId="8c84fa94-04c1-424b-9868-57a2d4851a1d" />
    <TestEntry testId="f9356475-8683-0a57-a824-909d30bb3712" executionId="b20c8fb4-4c7d-4c24-9433-4c1942995b33" testListId="8c84fa94-04c1-424b-9868-57a2d4851a1d" />
    <TestEntry testId="9ca078fe-9580-1757-9544-6a0dc6b2794a" executionId="79f66fe8-dc42-46e0-b897-ab6c1e357eb2" testListId="8c84fa94-04c1-424b-9868-57a2d4851a1d" />
    <TestEntry testId="21545593-128b-2b97-0613-6a0fc2845d65" executionId="c46034d7-3220-4f29-997f-8af06011d622" testListId="8c84fa94-04c1-424b-9868-57a2d4851a1d" />
    <TestEntry testId="21ff49d4-dbc7-0402-431e-bc424debd5cb" executionId="d7e32d1d-f569-414f-b528-6b8901c730a4" testListId="8c84fa94-04c1-424b-9868-57a2d4851a1d" />
    <TestEntry testId="2a956351-cc07-30b0-9e70-42327280d2be" executionId="42d85e82-b5cc-40b6-b3ed-cc2f65d307c5" testListId="8c84fa94-04c1-424b-9868-57a2d4851a1d" />
    <TestEntry testId="8c747082-7809-6c4f-f3d3-f15b2868f11d" executionId="e61846dc-f172-4087-977b-98dc76c9f438" testListId="8c84fa94-04c1-424b-9868-57a2d4851a1d" />
    <TestEntry testId="7e254145-75a2-87c2-034f-cd8e07c1f11a" executionId="f6a9a8f4-9fa4-46bd-9824-16522c12e58c" testListId="8c84fa94-04c1-424b-9868-57a2d4851a1d" />
    <TestEntry testId="b404372b-bbb1-bbfc-7775-6385a6de74a2" executionId="40040a6b-edc8-4562-8141-1ef1f99a4341" testListId="8c84fa94-04c1-424b-9868-57a2d4851a1d" />
    <TestEntry testId="1d33fba3-8ed3-3f2b-4a99-3232afaaa3ee" executionId="b09bc84d-1f6c-4a93-9209-44c6f13756d5" testListId="8c84fa94-04c1-424b-9868-57a2d4851a1d" />
    <TestEntry testId="90ac27fe-f806-e7b9-01ba-2fdbf9232205" executionId="2b3dd63d-ea87-4686-a376-9649ec777b74" testListId="8c84fa94-04c1-424b-9868-57a2d4851a1d" />
    <TestEntry testId="ad3f7922-3620-b6e2-fd98-2a699e42ec02" executionId="bd32d188-a5c7-4a38-a300-98c69b12d6a7" testListId="8c84fa94-04c1-424b-9868-57a2d4851a1d" />
    <TestEntry testId="431d0bab-ea71-5bbf-3956-95389aa6bb30" executionId="73828553-a753-4874-8fdb-955b0575f44d" testListId="8c84fa94-04c1-424b-9868-57a2d4851a1d" />
    <TestEntry testId="ff7f0773-a7b9-fd71-da68-69ee4e1a8469" executionId="36062bf8-415c-41d0-830f-e77c39cdb4aa" testListId="8c84fa94-04c1-424b-9868-57a2d4851a1d" />
    <TestEntry testId="49f8dff3-f790-99d3-474a-b36c451bad96" executionId="3c17f878-9f6b-40f3-b6f4-c277d4ef7dde" testListId="8c84fa94-04c1-424b-9868-57a2d4851a1d" />
    <TestEntry testId="d1fc5403-6a1b-fd07-a62e-3ca0c8cc19b0" executionId="1b95452b-be06-4437-a675-45f2cf883c7b" testListId="8c84fa94-04c1-424b-9868-57a2d4851a1d" />
    <TestEntry testId="7588b11b-24ec-9b69-8f80-015c3afcfde0" executionId="0adec52b-bef4-4c24-9d8c-3b7806539b4f" testListId="8c84fa94-04c1-424b-9868-57a2d4851a1d" />
    <TestEntry testId="2f682552-79cd-1306-49e2-7bced780d675" executionId="497dd50e-53cf-4b34-bb98-f4938c143658" testListId="8c84fa94-04c1-424b-9868-57a2d4851a1d" />
    <TestEntry testId="dd0973b9-b506-cc87-f1a6-59e49380b636" executionId="8aa7314d-f42e-468f-9c70-93b1128f4177" testListId="8c84fa94-04c1-424b-9868-57a2d4851a1d" />
    <TestEntry testId="492e3a5f-9aa8-04ab-d965-de45d78f0fd3" executionId="599df6eb-44dd-452e-a392-e470d4798e5f" testListId="8c84fa94-04c1-424b-9868-57a2d4851a1d" />
    <TestEntry testId="71d0dd99-4d48-bcfd-0e6e-bd53242a0542" executionId="8b9e3cd5-8c1b-46e8-9ac6-80cf5c414dcc" testListId="8c84fa94-04c1-424b-9868-57a2d4851a1d" />
    <TestEntry testId="24ec8ebb-27ac-98e6-78bf-5d3176a994d3" executionId="b5f7c9e4-89ba-426a-9446-b9a60c5c00e6" testListId="8c84fa94-04c1-424b-9868-57a2d4851a1d" />
    <TestEntry testId="bf4eeb47-e701-5e31-0307-1864caf1f6ba" executionId="897a82fa-4571-4749-a20d-9d5d01c5d4be" testListId="8c84fa94-04c1-424b-9868-57a2d4851a1d" />
    <TestEntry testId="71e4f5d6-1bca-a994-b8e0-6688f08f7768" executionId="8f0740fb-4da9-4e39-b412-8da520e76cb6" testListId="8c84fa94-04c1-424b-9868-57a2d4851a1d" />
    <TestEntry testId="91831dcd-ee2c-9f25-809f-f6d6c0f26040" executionId="e9d0027b-4ba0-4039-9143-0480eab99332" testListId="8c84fa94-04c1-424b-9868-57a2d4851a1d" />
    <TestEntry testId="3d1bcd4d-7c41-2eaa-ae65-8a70b5b38b51" executionId="e70d8773-bb8e-4a31-bcca-1a692def61a1" testListId="8c84fa94-04c1-424b-9868-57a2d4851a1d" />
    <TestEntry testId="2cb57caf-019b-ba09-c474-4af6272644ab" executionId="67317402-1755-40ce-b975-cbb378f2cd5c" testListId="8c84fa94-04c1-424b-9868-57a2d4851a1d" />
    <TestEntry testId="3d91b9dc-0c67-8e91-d88e-ecbaeec5d1f9" executionId="ce807daa-1ad0-421a-aefa-2a69801c425d" testListId="8c84fa94-04c1-424b-9868-57a2d4851a1d" />
    <TestEntry testId="c1988cfe-4151-5f9c-97d1-2c4616943bc8" executionId="fe9deea5-94be-4c5b-9e13-cdd028dce764" testListId="8c84fa94-04c1-424b-9868-57a2d4851a1d" />
    <TestEntry testId="e7f6700a-ad6b-1902-8e2c-377302ca676e" executionId="aece92dd-596c-4271-b398-c616828398d7" testListId="8c84fa94-04c1-424b-9868-57a2d4851a1d" />
  </TestEntries>
  <TestLists>
    <TestList name="Les résultats ne figurent pas dans une liste" id="8c84fa94-04c1-424b-9868-57a2d4851a1d" />
    <TestList name="Tous les résultats chargés" id="19431567-8539-422a-85d7-44ee4e166bda" />
  </TestLists>
  <ResultSummary outcome="Failed">
    <Counters total="233" executed="233" passed="232" failed="1" error="0" timeout="0" aborted="0" inconclusive="0" passedButRunAborted="0" notRunnable="0" notExecuted="0" disconnected="0" warning="0" completed="0" inProgress="0" pending="0" />
    <Output>
      <StdOut>[xUnit.net 00:00:00.00] xUnit.net VSTest Adapter v3.1.4+50e68bbb8b (64-bit .NET 10.0.3)&#xD;
[xUnit.net 00:00:00.10]   Discovering: Agapanthe.Tests&#xD;
[xUnit.net 00:00:00.19]   Discovered:  Agapanthe.Tests&#xD;
[xUnit.net 00:00:00.24]   Starting:    Agapanthe.Tests&#xD;
[17:25:31.390] [WARN ] ShaderHotReloader: shader directory 'C:\Users\yannl\AppData\Local\Temp\agapanthe-hotreload-none-266cfdfdf7a549bda0b1ba88912e13c6' does not exist; not watching it.&#xD;
[17:25:31.415] [WARN ] ShaderHotReloader: shader directory 'C:\Users\yannl\AppData\Local\Temp\agapanthe-hotreload-none-f4d25b038f914d21a75a746b8d210269' does not exist; not watching it.&#xD;
[17:25:31.420] [WARN ] ShaderHotReloader: shader directory 'C:\Users\yannl\AppData\Local\Temp\agapanthe-hotreload-none-06f1782435f14689a8837e52e9b2c81d' does not exist; not watching it.&#xD;
[17:25:31.420] [WARN ] ShaderHotReloader: shader directory 'C:\Users\yannl\AppData\Local\Temp\agapanthe-hotreload-none-3b285d5ed0924910af584744144285b8' does not exist; not watching it.&#xD;
[17:25:31.426] [WARN ] ShaderHotReloader: shader directory 'C:\Users\yannl\AppData\Local\Temp\agapanthe-hotreload-none-c41f29b851f54d64a601c62d5280b2ad' does not exist; not watching it.&#xD;
[17:25:31.428] [WARN ] ShaderHotReloader: shader directory 'C:\Users\yannl\AppData\Local\Temp\agapanthe-hotreload-none-645547421fb74d06afa674aae8458cb6' does not exist; not watching it.&#xD;
[17:25:31.432] [WARN ] ShaderHotReloader: shader directory 'C:\Users\yannl\AppData\Local\Temp\agapanthe-hotreload-none-588c64a3e0b346c5a4d0e16efb6e8265' does not exist; not watching it.&#xD;
[17:25:31.485] [INFO ] GpuAllocator: no GPU memory allocated (no resource has requested any yet).&#xD;
[xUnit.net 00:00:00.53]       Assert.Equal() Failure: Values differ&#xD;
[xUnit.net 00:00:00.53]       Expected: { {M11:3 M12:0 M13:0 M14:0} {M21:0 M22:3 M23:0 M24:0} {M31:0 M32:0 M33:3 M34:0} {M41:7 M42:8 M43:9 M44:1} }&#xD;
[xUnit.net 00:00:00.53]       Actual:   { {M11:0 M12:0 M13:0 M14:0} {M21:0 M22:0 M23:0 M24:0} {M31:0 M32:0 M33:0 M34:0} {M41:0 M42:0 M43:0 M44:1} }&#xD;
[xUnit.net 00:00:00.53]       Stack Trace:&#xD;
[xUnit.net 00:00:00.53]         D:\MyProjects\agapanthe\tests\Agapanthe.Tests\WorldSystemsTests.cs(93,0): at Agapanthe.Tests.WorldSystemsTests.Propagate_DoesNotTouchImportedEntities()&#xD;
[xUnit.net 00:00:00.53]            at System.Reflection.MethodBaseInvoker.InterpretedInvoke_Method(Object obj, IntPtr* args)&#xD;
[xUnit.net 00:00:00.53]            at System.Reflection.MethodBaseInvoker.InvokeWithNoArgs(Object obj, BindingFlags invokeAttr)&#xD;
[17:25:32.512] [INFO ] ShaderCompiler: cache miss - loading shaderc for runtime GLSL compilation.&#xD;
[17:25:32.656] [INFO ] ShaderCompiler: cache miss - loading shaderc for runtime GLSL compilation.&#xD;
[17:25:32.795] [WARN ] ShaderCompiler: cached SPIR-V 'C:\Users\yannl\AppData\Local\Temp\agapanthe-shadertest-aa1a76eefcaf419ba4b65ba6ba67b4ee\Vertex_FC2C9F3C3551987288E35286C6A11205C24D09ABC493C88847FC7B04124D822E.spv' is corrupt (0 bytes, not a non-empty multiple of 4 - a truncated write); recompiling and rewriting it.&#xD;
[17:25:32.797] [INFO ] ShaderCompiler: cache miss - loading shaderc for runtime GLSL compilation.&#xD;
[17:25:32.818] [INFO ] ShaderCompiler: cache miss - loading shaderc for runtime GLSL compilation.&#xD;
[17:25:32.955] [WARN ] ShaderCompiler: cached SPIR-V 'C:\Users\yannl\AppData\Local\Temp\agapanthe-shadertest-d0f9c89e0b904dd695ef5351f95f74d3\Vertex_FC2C9F3C3551987288E35286C6A11205C24D09ABC493C88847FC7B04124D822E.spv' is corrupt (13 bytes, not a non-empty multiple of 4 - a truncated write); recompiling and rewriting it.&#xD;
[17:25:32.957] [INFO ] ShaderCompiler: cache miss - loading shaderc for runtime GLSL compilation.&#xD;
[17:25:32.978] [INFO ] ShaderCompiler: cache miss - loading shaderc for runtime GLSL compilation.&#xD;
[17:25:33.134] [INFO ] ShaderCompiler: cache miss - loading shaderc for runtime GLSL compilation.&#xD;
[17:25:33.183] [INFO ] ShaderCompiler: cache miss - loading shaderc for runtime GLSL compilation.&#xD;
[17:25:33.352] [INFO ] ShaderCompiler: cache miss - loading shaderc for runtime GLSL compilation.&#xD;
[17:25:33.524] [INFO ] ShaderCompiler: cache miss - loading shaderc for runtime GLSL compilation.&#xD;
[17:25:33.675] [INFO ] ShaderCompiler: cache miss - loading shaderc for runtime GLSL compilation.&#xD;
[17:25:33.835] [INFO ] ShaderCompiler: cache miss - loading shaderc for runtime GLSL compilation.&#xD;
[17:25:33.983] [INFO ] ShaderCompiler: cache miss - loading shaderc for runtime GLSL compilation.&#xD;
[17:25:34.133] [INFO ] ResourceTracker: no leaks (2 resources created and destroyed).&#xD;
[17:25:34.135] [ERROR] ResourceTracker: LEAK GpuTexture x1&#xD;
[xUnit.net 00:00:03.05]   Finished:    Agapanthe.Tests&#xD;
</StdOut>
    </Output>
    <RunInfos>
      <RunInfo computerName="PC-MAISON" outcome="Error" timestamp="2026-07-13T17:25:31.6218662+02:00">
        <Text>[xUnit.net 00:00:00.53]     Agapanthe.Tests.WorldSystemsTests.Propagate_DoesNotTouchImportedEntities [FAIL]</Text>
      </RunInfo>
    </RunInfos>
  </ResultSummary>
</TestRun>